{"C:\\dev\\u-stock\\src\\assets\\ericka-headshot.jpeg": {"path":"C:\\dev\\u-stock\\src\\assets\\ericka-headshot.jpeg","statementMap":{},"fnMap":{},"branchMap":{},"s":{},"f":{},"b":{},"meta":{"lastBranch":0,"lastFunction":0,"lastStatement":0,"seen":{}}}
,"C:\\dev\\u-stock\\src\\components\\dashboard\\DashboardPage.css": {"path":"C:\\dev\\u-stock\\src\\components\\dashboard\\DashboardPage.css","statementMap":{},"fnMap":{},"branchMap":{},"s":{},"f":{},"b":{},"meta":{"lastBranch":0,"lastFunction":0,"lastStatement":0,"seen":{}}}
,"C:\\dev\\u-stock\\src\\components\\dashboard\\DashboardPage.jsx": {"path":"C:\\dev\\u-stock\\src\\components\\dashboard\\DashboardPage.jsx","statementMap":{"0":{"start":{"line":19,"column":2},"end":{"line":19,"column":null}},"1":{"start":{"line":27,"column":2},"end":{"line":27,"column":null}},"2":{"start":{"line":29,"column":42},"end":{"line":29,"column":null}},"3":{"start":{"line":36,"column":8},"end":{"line":40,"column":null}},"4":{"start":{"line":37,"column":4},"end":{"line":37,"column":null}},"5":{"start":{"line":37,"column":28},"end":{"line":37,"column":null}},"6":{"start":{"line":38,"column":4},"end":{"line":38,"column":null}},"7":{"start":{"line":38,"column":33},"end":{"line":38,"column":null}},"8":{"start":{"line":39,"column":4},"end":{"line":39,"column":null}},"9":{"start":{"line":43,"column":24},"end":{"line":43,"column":null}},"10":{"start":{"line":45,"column":8},"end":{"line":48,"column":null}},"11":{"start":{"line":46,"column":4},"end":{"line":46,"column":null}},"12":{"start":{"line":46,"column":24},"end":{"line":46,"column":null}},"13":{"start":{"line":47,"column":4},"end":{"line":47,"column":null}},"14":{"start":{"line":50,"column":26},"end":{"line":50,"column":null}},"15":{"start":{"line":52,"column":8},"end":{"line":55,"column":null}},"16":{"start":{"line":53,"column":4},"end":{"line":53,"column":null}},"17":{"start":{"line":53,"column":42},"end":{"line":53,"column":null}},"18":{"start":{"line":54,"column":4},"end":{"line":54,"column":null}},"19":{"start":{"line":57,"column":2},"end":{"line":226,"column":null}},"20":{"start":{"line":96,"column":38},"end":{"line":96,"column":null}},"21":{"start":{"line":97,"column":41},"end":{"line":97,"column":null}},"22":{"start":{"line":98,"column":41},"end":{"line":98,"column":null}},"23":{"start":{"line":100,"column":24},"end":{"line":128,"column":null}},"24":{"start":{"line":108,"column":43},"end":{"line":108,"column":null}},"25":{"start":{"line":187,"column":39},"end":{"line":187,"column":null}},"26":{"start":{"line":194,"column":24},"end":{"line":196,"column":null}},"27":{"start":{"line":201,"column":26},"end":{"line":203,"column":null}}},"fnMap":{"0":{"name":"DashboardPage","decl":{"start":{"line":13,"column":24},"end":{"line":13,"column":40}},"loc":{"start":{"line":13,"column":40},"end":{"line":228,"column":null}},"line":13},"1":{"name":"(anonymous_1)","decl":{"start":{"line":36,"column":32},"end":{"line":36,"column":38}},"loc":{"start":{"line":36,"column":38},"end":{"line":40,"column":5}},"line":36},"2":{"name":"(anonymous_2)","decl":{"start":{"line":45,"column":32},"end":{"line":45,"column":38}},"loc":{"start":{"line":45,"column":38},"end":{"line":48,"column":5}},"line":45},"3":{"name":"(anonymous_3)","decl":{"start":{"line":52,"column":33},"end":{"line":52,"column":39}},"loc":{"start":{"line":52,"column":39},"end":{"line":55,"column":5}},"line":52},"4":{"name":"(anonymous_4)","decl":{"start":{"line":95,"column":42},"end":{"line":95,"column":43}},"loc":{"start":{"line":95,"column":51},"end":{"line":130,"column":23}},"line":95},"5":{"name":"(anonymous_5)","decl":{"start":{"line":108,"column":37},"end":{"line":108,"column":43}},"loc":{"start":{"line":108,"column":43},"end":{"line":108,"column":null}},"line":108},"6":{"name":"(anonymous_6)","decl":{"start":{"line":187,"column":32},"end":{"line":187,"column":33}},"loc":{"start":{"line":187,"column":39},"end":{"line":187,"column":null}},"line":187},"7":{"name":"(anonymous_7)","decl":{"start":{"line":193,"column":35},"end":{"line":193,"column":36}},"loc":{"start":{"line":194,"column":24},"end":{"line":196,"column":null}},"line":194},"8":{"name":"(anonymous_8)","decl":{"start":{"line":200,"column":41},"end":{"line":200,"column":42}},"loc":{"start":{"line":201,"column":26},"end":{"line":203,"column":null}},"line":201}},"branchMap":{"0":{"loc":{"start":{"line":16,"column":10},"end":{"line":16,"column":null}},"type":"default-arg","locations":[{"start":{"line":16,"column":20},"end":{"line":16,"column":null}}],"line":16},"1":{"loc":{"start":{"line":23,"column":4},"end":{"line":23,"column":null}},"type":"default-arg","locations":[{"start":{"line":23,"column":22},"end":{"line":23,"column":null}}],"line":23},"2":{"loc":{"start":{"line":24,"column":13},"end":{"line":24,"column":null}},"type":"default-arg","locations":[{"start":{"line":24,"column":28},"end":{"line":24,"column":null}}],"line":24},"3":{"loc":{"start":{"line":37,"column":4},"end":{"line":37,"column":null}},"type":"if","locations":[{"start":{"line":37,"column":4},"end":{"line":37,"column":null}},{"start":{},"end":{}}],"line":37},"4":{"loc":{"start":{"line":38,"column":4},"end":{"line":38,"column":null}},"type":"if","locations":[{"start":{"line":38,"column":4},"end":{"line":38,"column":null}},{"start":{},"end":{}}],"line":38},"5":{"loc":{"start":{"line":43,"column":24},"end":{"line":43,"column":null}},"type":"binary-expr","locations":[{"start":{"line":43,"column":24},"end":{"line":43,"column":42}},{"start":{"line":43,"column":42},"end":{"line":43,"column":null}}],"line":43},"6":{"loc":{"start":{"line":46,"column":4},"end":{"line":46,"column":null}},"type":"if","locations":[{"start":{"line":46,"column":4},"end":{"line":46,"column":null}},{"start":{},"end":{}}],"line":46},"7":{"loc":{"start":{"line":47,"column":11},"end":{"line":47,"column":null}},"type":"binary-expr","locations":[{"start":{"line":47,"column":11},"end":{"line":47,"column":45}},{"start":{"line":47,"column":45},"end":{"line":47,"column":null}}],"line":47},"8":{"loc":{"start":{"line":50,"column":26},"end":{"line":50,"column":null}},"type":"binary-expr","locations":[{"start":{"line":50,"column":26},"end":{"line":50,"column":44}},{"start":{"line":50,"column":44},"end":{"line":50,"column":null}}],"line":50},"9":{"loc":{"start":{"line":53,"column":4},"end":{"line":53,"column":null}},"type":"if","locations":[{"start":{"line":53,"column":4},"end":{"line":53,"column":null}},{"start":{},"end":{}}],"line":53},"10":{"loc":{"start":{"line":53,"column":8},"end":{"line":53,"column":42}},"type":"binary-expr","locations":[{"start":{"line":53,"column":8},"end":{"line":53,"column":20}},{"start":{"line":53,"column":20},"end":{"line":53,"column":42}}],"line":53},"11":{"loc":{"start":{"line":76,"column":15},"end":{"line":139,"column":null}},"type":"cond-expr","locations":[{"start":{"line":77,"column":16},"end":{"line":77,"column":null}},{"start":{"line":78,"column":18},"end":{"line":139,"column":null}}],"line":76},"12":{"loc":{"start":{"line":78,"column":18},"end":{"line":139,"column":null}},"type":"cond-expr","locations":[{"start":{"line":79,"column":16},"end":{"line":81,"column":null}},{"start":{"line":83,"column":16},"end":{"line":139,"column":null}}],"line":78},"13":{"loc":{"start":{"line":96,"column":38},"end":{"line":96,"column":null}},"type":"binary-expr","locations":[{"start":{"line":96,"column":38},"end":{"line":96,"column":63}},{"start":{"line":96,"column":63},"end":{"line":96,"column":null}}],"line":96},"14":{"loc":{"start":{"line":97,"column":41},"end":{"line":97,"column":null}},"type":"binary-expr","locations":[{"start":{"line":97,"column":41},"end":{"line":97,"column":69}},{"start":{"line":97,"column":69},"end":{"line":97,"column":null}}],"line":97},"15":{"loc":{"start":{"line":98,"column":41},"end":{"line":98,"column":null}},"type":"binary-expr","locations":[{"start":{"line":98,"column":41},"end":{"line":98,"column":69}},{"start":{"line":98,"column":69},"end":{"line":98,"column":null}}],"line":98},"16":{"loc":{"start":{"line":104,"column":30},"end":{"line":106,"column":null}},"type":"cond-expr","locations":[{"start":{"line":105,"column":34},"end":{"line":105,"column":null}},{"start":{"line":106,"column":34},"end":{"line":106,"column":null}}],"line":104},"17":{"loc":{"start":{"line":111,"column":33},"end":{"line":111,"column":62}},"type":"binary-expr","locations":[{"start":{"line":111,"column":33},"end":{"line":111,"column":58}},{"start":{"line":111,"column":58},"end":{"line":111,"column":62}}],"line":111},"18":{"loc":{"start":{"line":113,"column":31},"end":{"line":115,"column":null}},"type":"cond-expr","locations":[{"start":{"line":113,"column":56},"end":{"line":114,"column":null}},{"start":{"line":115,"column":34},"end":{"line":115,"column":null}}],"line":113},"19":{"loc":{"start":{"line":118,"column":31},"end":{"line":121,"column":null}},"type":"cond-expr","locations":[{"start":{"line":118,"column":59},"end":{"line":120,"column":null}},{"start":{"line":121,"column":34},"end":{"line":121,"column":null}}],"line":118},"20":{"loc":{"start":{"line":124,"column":31},"end":{"line":126,"column":null}},"type":"cond-expr","locations":[{"start":{"line":124,"column":53},"end":{"line":125,"column":null}},{"start":{"line":126,"column":34},"end":{"line":126,"column":null}}],"line":124},"21":{"loc":{"start":{"line":134,"column":19},"end":{"line":137,"column":null}},"type":"binary-expr","locations":[{"start":{"line":134,"column":19},"end":{"line":134,"column":null}},{"start":{"line":135,"column":20},"end":{"line":137,"column":null}}],"line":134},"22":{"loc":{"start":{"line":152,"column":19},"end":{"line":154,"column":null}},"type":"cond-expr","locations":[{"start":{"line":153,"column":22},"end":{"line":153,"column":null}},{"start":{"line":154,"column":22},"end":{"line":154,"column":null}}],"line":152},"23":{"loc":{"start":{"line":158,"column":19},"end":{"line":160,"column":null}},"type":"cond-expr","locations":[{"start":{"line":159,"column":22},"end":{"line":159,"column":null}},{"start":{"line":160,"column":22},"end":{"line":160,"column":null}}],"line":158},"24":{"loc":{"start":{"line":164,"column":19},"end":{"line":164,"column":null}},"type":"binary-expr","locations":[{"start":{"line":164,"column":19},"end":{"line":164,"column":52}},{"start":{"line":164,"column":52},"end":{"line":164,"column":null}}],"line":164},"25":{"loc":{"start":{"line":199,"column":23},"end":{"line":204,"column":null}},"type":"binary-expr","locations":[{"start":{"line":199,"column":23},"end":{"line":199,"column":null}},{"start":{"line":200,"column":24},"end":{"line":204,"column":null}}],"line":199},"26":{"loc":{"start":{"line":219,"column":9},"end":{"line":223,"column":null}},"type":"binary-expr","locations":[{"start":{"line":219,"column":9},"end":{"line":219,"column":null}},{"start":{"line":220,"column":10},"end":{"line":223,"column":null}}],"line":219}},"s":{"0":1,"1":1,"2":1,"3":1,"4":1,"5":0,"6":1,"7":0,"8":1,"9":1,"10":1,"11":1,"12":1,"13":0,"14":1,"15":1,"16":1,"17":1,"18":0,"19":1,"20":0,"21":0,"22":0,"23":0,"24":0,"25":0,"26":0,"27":0},"f":{"0":1,"1":1,"2":1,"3":1,"4":0,"5":0,"6":0,"7":0,"8":0},"b":{"0":[1],"1":[1],"2":[1],"3":[0,1],"4":[0,1],"5":[1,1],"6":[1,0],"7":[0,0],"8":[1,0],"9":[1,0],"10":[1,1],"11":[1,0],"12":[0,0],"13":[0,0],"14":[0,0],"15":[0,0],"16":[0,0],"17":[0,0],"18":[0,0],"19":[0,0],"20":[0,0],"21":[0,0],"22":[0,1],"23":[0,1],"24":[1,1],"25":[1,1],"26":[1,0]},"meta":{"lastBranch":27,"lastFunction":9,"lastStatement":28,"seen":{"f:13:24:13:40":0,"s:19:2:19:Infinity":0,"b:16:20:16:Infinity":0,"s:27:2:27:Infinity":1,"b:23:22:23:Infinity":1,"b:24:28:24:Infinity":2,"s:29:42:29:Infinity":2,"s:36:8:40:Infinity":3,"f:36:32:36:38":1,"b:37:4:37:Infinity:undefined:undefined:undefined:undefined":3,"s:37:4:37:Infinity":4,"s:37:28:37:Infinity":5,"b:38:4:38:Infinity:undefined:undefined:undefined:undefined":4,"s:38:4:38:Infinity":6,"s:38:33:38:Infinity":7,"s:39:4:39:Infinity":8,"s:43:24:43:Infinity":9,"b:43:24:43:42:43:42:43:Infinity":5,"s:45:8:48:Infinity":10,"f:45:32:45:38":2,"b:46:4:46:Infinity:undefined:undefined:undefined:undefined":6,"s:46:4:46:Infinity":11,"s:46:24:46:Infinity":12,"s:47:4:47:Infinity":13,"b:47:11:47:45:47:45:47:Infinity":7,"s:50:26:50:Infinity":14,"b:50:26:50:44:50:44:50:Infinity":8,"s:52:8:55:Infinity":15,"f:52:33:52:39":3,"b:53:4:53:Infinity:undefined:undefined:undefined:undefined":9,"s:53:4:53:Infinity":16,"b:53:8:53:20:53:20:53:42":10,"s:53:42:53:Infinity":17,"s:54:4:54:Infinity":18,"s:57:2:226:Infinity":19,"b:77:16:77:Infinity:78:18:139:Infinity":11,"b:79:16:81:Infinity:83:16:139:Infinity":12,"f:95:42:95:43":4,"s:96:38:96:Infinity":20,"b:96:38:96:63:96:63:96:Infinity":13,"s:97:41:97:Infinity":21,"b:97:41:97:69:97:69:97:Infinity":14,"s:98:41:98:Infinity":22,"b:98:41:98:69:98:69:98:Infinity":15,"s:100:24:128:Infinity":23,"b:105:34:105:Infinity:106:34:106:Infinity":16,"f:108:37:108:43":5,"s:108:43:108:Infinity":24,"b:111:33:111:58:111:58:111:62":17,"b:113:56:114:Infinity:115:34:115:Infinity":18,"b:118:59:120:Infinity:121:34:121:Infinity":19,"b:124:53:125:Infinity:126:34:126:Infinity":20,"b:134:19:134:Infinity:135:20:137:Infinity":21,"b:153:22:153:Infinity:154:22:154:Infinity":22,"b:159:22:159:Infinity:160:22:160:Infinity":23,"b:164:19:164:52:164:52:164:Infinity":24,"f:187:32:187:33":6,"s:187:39:187:Infinity":25,"f:193:35:193:36":7,"s:194:24:196:Infinity":26,"b:199:23:199:Infinity:200:24:204:Infinity":25,"f:200:41:200:42":8,"s:201:26:203:Infinity":27,"b:219:9:219:Infinity:220:10:223:Infinity":26}}}
,"C:\\dev\\u-stock\\src\\components\\dashboard\\PriceChart.jsx": {"path":"C:\\dev\\u-stock\\src\\components\\dashboard\\PriceChart.jsx","statementMap":{"0":{"start":{"line":13,"column":2},"end":{"line":15,"column":null}},"1":{"start":{"line":14,"column":4},"end":{"line":14,"column":null}},"2":{"start":{"line":17,"column":2},"end":{"line":19,"column":null}},"3":{"start":{"line":18,"column":4},"end":{"line":18,"column":null}},"4":{"start":{"line":21,"column":2},"end":{"line":59,"column":null}},"5":{"start":{"line":39,"column":34},"end":{"line":39,"column":null}},"6":{"start":{"line":43,"column":34},"end":{"line":43,"column":null}},"7":{"start":{"line":47,"column":14},"end":{"line":47,"column":null}},"8":{"start":{"line":49,"column":39},"end":{"line":49,"column":null}}},"fnMap":{"0":{"name":"PriceChart","decl":{"start":{"line":12,"column":24},"end":{"line":12,"column":35}},"loc":{"start":{"line":12,"column":62},"end":{"line":61,"column":null}},"line":12},"1":{"name":"(anonymous_1)","decl":{"start":{"line":39,"column":27},"end":{"line":39,"column":28}},"loc":{"start":{"line":39,"column":34},"end":{"line":39,"column":null}},"line":39},"2":{"name":"(anonymous_2)","decl":{"start":{"line":43,"column":27},"end":{"line":43,"column":28}},"loc":{"start":{"line":43,"column":34},"end":{"line":43,"column":null}},"line":43},"3":{"name":"(anonymous_3)","decl":{"start":{"line":46,"column":23},"end":{"line":46,"column":24}},"loc":{"start":{"line":47,"column":14},"end":{"line":47,"column":null}},"line":47},"4":{"name":"(anonymous_4)","decl":{"start":{"line":49,"column":28},"end":{"line":49,"column":29}},"loc":{"start":{"line":49,"column":39},"end":{"line":49,"column":null}},"line":49}},"branchMap":{"0":{"loc":{"start":{"line":13,"column":2},"end":{"line":15,"column":null}},"type":"if","locations":[{"start":{"line":13,"column":2},"end":{"line":15,"column":null}},{"start":{},"end":{}}],"line":13},"1":{"loc":{"start":{"line":17,"column":2},"end":{"line":19,"column":null}},"type":"if","locations":[{"start":{"line":17,"column":2},"end":{"line":19,"column":null}},{"start":{},"end":{}}],"line":17},"2":{"loc":{"start":{"line":17,"column":6},"end":{"line":17,"column":45}},"type":"binary-expr","locations":[{"start":{"line":17,"column":6},"end":{"line":17,"column":17}},{"start":{"line":17,"column":17},"end":{"line":17,"column":26}},{"start":{"line":17,"column":26},"end":{"line":17,"column":45}}],"line":17},"3":{"loc":{"start":{"line":39,"column":34},"end":{"line":39,"column":null}},"type":"binary-expr","locations":[{"start":{"line":39,"column":34},"end":{"line":39,"column":49}},{"start":{"line":39,"column":49},"end":{"line":39,"column":null}}],"line":39},"4":{"loc":{"start":{"line":47,"column":14},"end":{"line":47,"column":null}},"type":"cond-expr","locations":[{"start":{"line":47,"column":42},"end":{"line":47,"column":61}},{"start":{"line":47,"column":61},"end":{"line":47,"column":null}}],"line":47}},"s":{"0":2,"1":1,"2":1,"3":1,"4":0,"5":0,"6":0,"7":0,"8":0},"f":{"0":2,"1":0,"2":0,"3":0,"4":0},"b":{"0":[1,1],"1":[1,0],"2":[1,1,1],"3":[0,0],"4":[0,0]},"meta":{"lastBranch":5,"lastFunction":5,"lastStatement":9,"seen":{"f:12:24:12:35":0,"b:13:2:15:Infinity:undefined:undefined:undefined:undefined":0,"s:13:2:15:Infinity":0,"s:14:4:14:Infinity":1,"b:17:2:19:Infinity:undefined:undefined:undefined:undefined":1,"s:17:2:19:Infinity":2,"b:17:6:17:17:17:17:17:26:17:26:17:45":2,"s:18:4:18:Infinity":3,"s:21:2:59:Infinity":4,"f:39:27:39:28":1,"s:39:34:39:Infinity":5,"b:39:34:39:49:39:49:39:Infinity":3,"f:43:27:43:28":2,"s:43:34:43:Infinity":6,"f:46:23:46:24":3,"s:47:14:47:Infinity":7,"b:47:42:47:61:47:61:47:Infinity":4,"f:49:28:49:29":4,"s:49:39:49:Infinity":8}}}
,"C:\\dev\\u-stock\\src\\components\\dashboard\\RedditMentionsChart.jsx": {"path":"C:\\dev\\u-stock\\src\\components\\dashboard\\RedditMentionsChart.jsx","statementMap":{"0":{"start":{"line":14,"column":19},"end":{"line":21,"column":null}},"1":{"start":{"line":25,"column":8},"end":{"line":29,"column":null}},"2":{"start":{"line":26,"column":17},"end":{"line":26,"column":null}},"3":{"start":{"line":28,"column":4},"end":{"line":28,"column":null}},"4":{"start":{"line":31,"column":2},"end":{"line":33,"column":null}},"5":{"start":{"line":32,"column":4},"end":{"line":32,"column":null}},"6":{"start":{"line":35,"column":2},"end":{"line":46,"column":null}},"7":{"start":{"line":36,"column":4},"end":{"line":44,"column":null}},"8":{"start":{"line":48,"column":2},"end":{"line":73,"column":null}},"9":{"start":{"line":66,"column":12},"end":{"line":69,"column":null}}},"fnMap":{"0":{"name":"RedditMentionsChart","decl":{"start":{"line":23,"column":24},"end":{"line":23,"column":44}},"loc":{"start":{"line":23,"column":66},"end":{"line":75,"column":null}},"line":23},"1":{"name":"(anonymous_1)","decl":{"start":{"line":25,"column":30},"end":{"line":25,"column":36}},"loc":{"start":{"line":25,"column":36},"end":{"line":29,"column":5}},"line":25},"2":{"name":"(anonymous_2)","decl":{"start":{"line":65,"column":27},"end":{"line":65,"column":28}},"loc":{"start":{"line":66,"column":12},"end":{"line":69,"column":null}},"line":66}},"branchMap":{"0":{"loc":{"start":{"line":26,"column":17},"end":{"line":26,"column":null}},"type":"cond-expr","locations":[{"start":{"line":26,"column":42},"end":{"line":26,"column":52}},{"start":{"line":26,"column":52},"end":{"line":26,"column":null}}],"line":26},"1":{"loc":{"start":{"line":31,"column":2},"end":{"line":33,"column":null}},"type":"if","locations":[{"start":{"line":31,"column":2},"end":{"line":33,"column":null}},{"start":{},"end":{}}],"line":31},"2":{"loc":{"start":{"line":35,"column":2},"end":{"line":46,"column":null}},"type":"if","locations":[{"start":{"line":35,"column":2},"end":{"line":46,"column":null}},{"start":{},"end":{}}],"line":35},"3":{"loc":{"start":{"line":35,"column":6},"end":{"line":35,"column":44}},"type":"binary-expr","locations":[{"start":{"line":35,"column":6},"end":{"line":35,"column":18}},{"start":{"line":35,"column":18},"end":{"line":35,"column":44}}],"line":35},"4":{"loc":{"start":{"line":67,"column":19},"end":{"line":67,"column":null}},"type":"binary-expr","locations":[{"start":{"line":67,"column":19},"end":{"line":67,"column":35}},{"start":{"line":67,"column":35},"end":{"line":67,"column":null}}],"line":67}},"s":{"0":1,"1":3,"2":3,"3":3,"4":3,"5":1,"6":2,"7":1,"8":1,"9":2},"f":{"0":3,"1":3,"2":2},"b":{"0":[3,0],"1":[1,2],"2":[1,1],"3":[2,2],"4":[2,0]},"meta":{"lastBranch":5,"lastFunction":3,"lastStatement":10,"seen":{"s:14:19:21:Infinity":0,"f:23:24:23:44":0,"s:25:8:29:Infinity":1,"f:25:30:25:36":1,"s:26:17:26:Infinity":2,"b:26:42:26:52:26:52:26:Infinity":0,"s:28:4:28:Infinity":3,"b:31:2:33:Infinity:undefined:undefined:undefined:undefined":1,"s:31:2:33:Infinity":4,"s:32:4:32:Infinity":5,"b:35:2:46:Infinity:undefined:undefined:undefined:undefined":2,"s:35:2:46:Infinity":6,"b:35:6:35:18:35:18:35:44":3,"s:36:4:44:Infinity":7,"s:48:2:73:Infinity":8,"f:65:27:65:28":2,"s:66:12:69:Infinity":9,"b:67:19:67:35:67:35:67:Infinity":4}}}
,"C:\\dev\\u-stock\\src\\components\\dashboard\\StatSummary.jsx": {"path":"C:\\dev\\u-stock\\src\\components\\dashboard\\StatSummary.jsx","statementMap":{"0":{"start":{"line":3,"column":15},"end":{"line":3,"column":null}},"1":{"start":{"line":4,"column":23},"end":{"line":4,"column":null}},"2":{"start":{"line":6,"column":14},"end":{"line":6,"column":null}},"3":{"start":{"line":7,"column":20},"end":{"line":7,"column":null}},"4":{"start":{"line":9,"column":4},"end":{"line":9,"column":null}},"5":{"start":{"line":12,"column":4},"end":{"line":12,"column":null}},"6":{"start":{"line":14,"column":2},"end":{"line":48,"column":null}}},"fnMap":{"0":{"name":"StatSummary","decl":{"start":{"line":2,"column":24},"end":{"line":2,"column":36}},"loc":{"start":{"line":2,"column":78},"end":{"line":50,"column":null}},"line":2}},"branchMap":{"0":{"loc":{"start":{"line":3,"column":15},"end":{"line":3,"column":null}},"type":"cond-expr","locations":[{"start":{"line":3,"column":44},"end":{"line":3,"column":58}},{"start":{"line":3,"column":58},"end":{"line":3,"column":null}}],"line":3},"1":{"loc":{"start":{"line":7,"column":20},"end":{"line":7,"column":null}},"type":"binary-expr","locations":[{"start":{"line":7,"column":20},"end":{"line":7,"column":35}},{"start":{"line":7,"column":35},"end":{"line":7,"column":null}}],"line":7},"2":{"loc":{"start":{"line":9,"column":4},"end":{"line":9,"column":null}},"type":"cond-expr","locations":[{"start":{"line":9,"column":37},"end":{"line":9,"column":60}},{"start":{"line":9,"column":60},"end":{"line":9,"column":null}}],"line":9},"3":{"loc":{"start":{"line":12,"column":4},"end":{"line":12,"column":null}},"type":"binary-expr","locations":[{"start":{"line":12,"column":4},"end":{"line":12,"column":32}},{"start":{"line":12,"column":32},"end":{"line":12,"column":59}},{"start":{"line":12,"column":59},"end":{"line":12,"column":null}}],"line":12},"4":{"loc":{"start":{"line":28,"column":18},"end":{"line":28,"column":null}},"type":"cond-expr","locations":[{"start":{"line":28,"column":39},"end":{"line":28,"column":50}},{"start":{"line":28,"column":50},"end":{"line":28,"column":null}}],"line":28},"5":{"loc":{"start":{"line":35,"column":11},"end":{"line":40,"column":null}},"type":"cond-expr","locations":[{"start":{"line":36,"column":14},"end":{"line":39,"column":null}},{"start":{"line":40,"column":14},"end":{"line":40,"column":null}}],"line":35},"6":{"loc":{"start":{"line":43,"column":11},"end":{"line":45,"column":null}},"type":"cond-expr","locations":[{"start":{"line":44,"column":14},"end":{"line":44,"column":null}},{"start":{"line":45,"column":14},"end":{"line":45,"column":null}}],"line":43}},"s":{"0":4,"1":4,"2":4,"3":4,"4":4,"5":4,"6":4},"f":{"0":4},"b":{"0":[4,0],"1":[4,3],"2":[1,3],"3":[4,2,2],"4":[4,0],"5":[2,2],"6":[2,2]},"meta":{"lastBranch":7,"lastFunction":1,"lastStatement":7,"seen":{"f:2:24:2:36":0,"s:3:15:3:Infinity":0,"b:3:44:3:58:3:58:3:Infinity":0,"s:4:23:4:Infinity":1,"s:6:14:6:Infinity":2,"s:7:20:7:Infinity":3,"b:7:20:7:35:7:35:7:Infinity":1,"s:9:4:9:Infinity":4,"b:9:37:9:60:9:60:9:Infinity":2,"s:12:4:12:Infinity":5,"b:12:4:12:32:12:32:12:59:12:59:12:Infinity":3,"s:14:2:48:Infinity":6,"b:28:39:28:50:28:50:28:Infinity":4,"b:36:14:39:Infinity:40:14:40:Infinity":5,"b:44:14:44:Infinity:45:14:45:Infinity":6}}}
,"C:\\dev\\u-stock\\src\\components\\layout\\AppShell.jsx": {"path":"C:\\dev\\u-stock\\src\\components\\layout\\AppShell.jsx","statementMap":{"0":{"start":{"line":8,"column":28},"end":{"line":8,"column":null}},"1":{"start":{"line":9,"column":8},"end":{"line":9,"column":null}},"2":{"start":{"line":11,"column":22},"end":{"line":11,"column":null}},"3":{"start":{"line":12,"column":24},"end":{"line":12,"column":null}},"4":{"start":{"line":13,"column":23},"end":{"line":13,"column":null}},"5":{"start":{"line":14,"column":20},"end":{"line":14,"column":null}},"6":{"start":{"line":16,"column":2},"end":{"line":118,"column":null}},"7":{"start":{"line":90,"column":29},"end":{"line":90,"column":null}},"8":{"start":{"line":90,"column":50},"end":{"line":90,"column":55}},"9":{"start":{"line":95,"column":69},"end":{"line":95,"column":null}}},"fnMap":{"0":{"name":"AppShell","decl":{"start":{"line":7,"column":24},"end":{"line":7,"column":33}},"loc":{"start":{"line":7,"column":47},"end":{"line":120,"column":null}},"line":7},"1":{"name":"(anonymous_1)","decl":{"start":{"line":90,"column":23},"end":{"line":90,"column":29}},"loc":{"start":{"line":90,"column":29},"end":{"line":90,"column":null}},"line":90},"2":{"name":"(anonymous_2)","decl":{"start":{"line":90,"column":40},"end":{"line":90,"column":41}},"loc":{"start":{"line":90,"column":50},"end":{"line":90,"column":55}},"line":90},"3":{"name":"(anonymous_3)","decl":{"start":{"line":95,"column":63},"end":{"line":95,"column":69}},"loc":{"start":{"line":95,"column":69},"end":{"line":95,"column":null}},"line":95}},"branchMap":{"0":{"loc":{"start":{"line":17,"column":33},"end":{"line":17,"column":69}},"type":"cond-expr","locations":[{"start":{"line":17,"column":43},"end":{"line":17,"column":67}},{"start":{"line":17,"column":67},"end":{"line":17,"column":69}}],"line":17},"1":{"loc":{"start":{"line":32,"column":34},"end":{"line":32,"column":null}},"type":"cond-expr","locations":[{"start":{"line":32,"column":48},"end":{"line":32,"column":74}},{"start":{"line":32,"column":74},"end":{"line":32,"column":null}}],"line":32},"2":{"loc":{"start":{"line":42,"column":34},"end":{"line":42,"column":null}},"type":"cond-expr","locations":[{"start":{"line":42,"column":50},"end":{"line":42,"column":76}},{"start":{"line":42,"column":76},"end":{"line":42,"column":null}}],"line":42},"3":{"loc":{"start":{"line":52,"column":34},"end":{"line":52,"column":null}},"type":"cond-expr","locations":[{"start":{"line":52,"column":49},"end":{"line":52,"column":75}},{"start":{"line":52,"column":75},"end":{"line":52,"column":null}}],"line":52},"4":{"loc":{"start":{"line":62,"column":34},"end":{"line":62,"column":null}},"type":"cond-expr","locations":[{"start":{"line":62,"column":46},"end":{"line":62,"column":72}},{"start":{"line":62,"column":72},"end":{"line":62,"column":null}}],"line":62}},"s":{"0":10,"1":10,"2":10,"3":10,"4":10,"5":10,"6":10,"7":0,"8":0,"9":0},"f":{"0":10,"1":0,"2":0,"3":0},"b":{"0":[0,10],"1":[10,0],"2":[0,10],"3":[0,10],"4":[0,10]},"meta":{"lastBranch":5,"lastFunction":4,"lastStatement":10,"seen":{"f:7:24:7:33":0,"s:8:28:8:Infinity":0,"s:9:8:9:Infinity":1,"s:11:22:11:Infinity":2,"s:12:24:12:Infinity":3,"s:13:23:13:Infinity":4,"s:14:20:14:Infinity":5,"s:16:2:118:Infinity":6,"b:17:43:17:67:17:67:17:69":0,"b:32:48:32:74:32:74:32:Infinity":1,"b:42:50:42:76:42:76:42:Infinity":2,"b:52:49:52:75:52:75:52:Infinity":3,"b:62:46:62:72:62:72:62:Infinity":4,"f:90:23:90:29":1,"s:90:29:90:Infinity":7,"f:90:40:90:41":2,"s:90:50:90:55":8,"f:95:63:95:69":3,"s:95:69:95:Infinity":9}}}
,"C:\\dev\\u-stock\\src\\components\\pages\\AboutPage.css": {"path":"C:\\dev\\u-stock\\src\\components\\pages\\AboutPage.css","statementMap":{},"fnMap":{},"branchMap":{},"s":{},"f":{},"b":{},"meta":{"lastBranch":0,"lastFunction":0,"lastStatement":0,"seen":{}}}
,"C:\\dev\\u-stock\\src\\components\\pages\\AboutPage.jsx": {"path":"C:\\dev\\u-stock\\src\\components\\pages\\AboutPage.jsx","statementMap":{"0":{"start":{"line":7,"column":2},"end":{"line":117,"column":null}}},"fnMap":{"0":{"name":"AboutPage","decl":{"start":{"line":6,"column":24},"end":{"line":6,"column":36}},"loc":{"start":{"line":6,"column":36},"end":{"line":119,"column":null}},"line":6}},"branchMap":{},"s":{"0":2},"f":{"0":2},"b":{},"meta":{"lastBranch":0,"lastFunction":1,"lastStatement":1,"seen":{"f:6:24:6:36":0,"s:7:2:117:Infinity":0}}}
,"C:\\dev\\u-stock\\src\\components\\pages\\DatasourcesPage.css": {"path":"C:\\dev\\u-stock\\src\\components\\pages\\DatasourcesPage.css","statementMap":{},"fnMap":{},"branchMap":{},"s":{},"f":{},"b":{},"meta":{"lastBranch":0,"lastFunction":0,"lastStatement":0,"seen":{}}}
,"C:\\dev\\u-stock\\src\\components\\pages\\DatasourcesPage.jsx": {"path":"C:\\dev\\u-stock\\src\\components\\pages\\DatasourcesPage.jsx","statementMap":{"0":{"start":{"line":16,"column":28},"end":{"line":16,"column":null}},"1":{"start":{"line":17,"column":34},"end":{"line":17,"column":null}},"2":{"start":{"line":18,"column":28},"end":{"line":18,"column":null}},"3":{"start":{"line":19,"column":30},"end":{"line":19,"column":null}},"4":{"start":{"line":21,"column":2},"end":{"line":161,"column":null}},"5":{"start":{"line":67,"column":16},"end":{"line":87,"column":null}},"6":{"start":{"line":101,"column":16},"end":{"line":121,"column":null}},"7":{"start":{"line":135,"column":16},"end":{"line":155,"column":null}}},"fnMap":{"0":{"name":"DatasourcePage","decl":{"start":{"line":15,"column":24},"end":{"line":15,"column":41}},"loc":{"start":{"line":15,"column":41},"end":{"line":163,"column":null}},"line":15},"1":{"name":"(anonymous_1)","decl":{"start":{"line":66,"column":33},"end":{"line":66,"column":34}},"loc":{"start":{"line":67,"column":16},"end":{"line":87,"column":null}},"line":67},"2":{"name":"(anonymous_2)","decl":{"start":{"line":100,"column":39},"end":{"line":100,"column":40}},"loc":{"start":{"line":101,"column":16},"end":{"line":121,"column":null}},"line":101},"3":{"name":"(anonymous_3)","decl":{"start":{"line":134,"column":33},"end":{"line":134,"column":34}},"loc":{"start":{"line":135,"column":16},"end":{"line":155,"column":null}},"line":135}},"branchMap":{"0":{"loc":{"start":{"line":16,"column":28},"end":{"line":16,"column":null}},"type":"binary-expr","locations":[{"start":{"line":16,"column":28},"end":{"line":16,"column":53}},{"start":{"line":16,"column":53},"end":{"line":16,"column":null}}],"line":16},"1":{"loc":{"start":{"line":17,"column":34},"end":{"line":17,"column":null}},"type":"binary-expr","locations":[{"start":{"line":17,"column":34},"end":{"line":17,"column":65}},{"start":{"line":17,"column":65},"end":{"line":17,"column":null}}],"line":17},"2":{"loc":{"start":{"line":18,"column":28},"end":{"line":18,"column":null}},"type":"binary-expr","locations":[{"start":{"line":18,"column":28},"end":{"line":18,"column":53}},{"start":{"line":18,"column":53},"end":{"line":18,"column":null}}],"line":18},"3":{"loc":{"start":{"line":19,"column":30},"end":{"line":19,"column":null}},"type":"binary-expr","locations":[{"start":{"line":19,"column":30},"end":{"line":19,"column":57}},{"start":{"line":19,"column":57},"end":{"line":19,"column":null}}],"line":19},"4":{"loc":{"start":{"line":69,"column":21},"end":{"line":69,"column":null}},"type":"binary-expr","locations":[{"start":{"line":69,"column":21},"end":{"line":69,"column":33}},{"start":{"line":69,"column":33},"end":{"line":69,"column":null}}],"line":69},"5":{"loc":{"start":{"line":70,"column":21},"end":{"line":71,"column":null}},"type":"binary-expr","locations":[{"start":{"line":70,"column":21},"end":{"line":70,"column":null}},{"start":{"line":71,"column":22},"end":{"line":71,"column":null}}],"line":70},"6":{"loc":{"start":{"line":74,"column":19},"end":{"line":75,"column":null}},"type":"binary-expr","locations":[{"start":{"line":74,"column":19},"end":{"line":74,"column":null}},{"start":{"line":75,"column":20},"end":{"line":75,"column":null}}],"line":74},"7":{"loc":{"start":{"line":77,"column":19},"end":{"line":85,"column":null}},"type":"binary-expr","locations":[{"start":{"line":77,"column":19},"end":{"line":77,"column":null}},{"start":{"line":78,"column":20},"end":{"line":85,"column":null}}],"line":77},"8":{"loc":{"start":{"line":67,"column":25},"end":{"line":67,"column":null}},"type":"binary-expr","locations":[{"start":{"line":67,"column":25},"end":{"line":67,"column":35}},{"start":{"line":67,"column":35},"end":{"line":67,"column":null}}],"line":67},"9":{"loc":{"start":{"line":103,"column":21},"end":{"line":103,"column":null}},"type":"binary-expr","locations":[{"start":{"line":103,"column":21},"end":{"line":103,"column":33}},{"start":{"line":103,"column":33},"end":{"line":103,"column":null}}],"line":103},"10":{"loc":{"start":{"line":104,"column":21},"end":{"line":105,"column":null}},"type":"binary-expr","locations":[{"start":{"line":104,"column":21},"end":{"line":104,"column":null}},{"start":{"line":105,"column":22},"end":{"line":105,"column":null}}],"line":104},"11":{"loc":{"start":{"line":108,"column":19},"end":{"line":109,"column":null}},"type":"binary-expr","locations":[{"start":{"line":108,"column":19},"end":{"line":108,"column":null}},{"start":{"line":109,"column":20},"end":{"line":109,"column":null}}],"line":108},"12":{"loc":{"start":{"line":111,"column":19},"end":{"line":119,"column":null}},"type":"binary-expr","locations":[{"start":{"line":111,"column":19},"end":{"line":111,"column":null}},{"start":{"line":112,"column":20},"end":{"line":119,"column":null}}],"line":111},"13":{"loc":{"start":{"line":101,"column":25},"end":{"line":101,"column":null}},"type":"binary-expr","locations":[{"start":{"line":101,"column":25},"end":{"line":101,"column":35}},{"start":{"line":101,"column":35},"end":{"line":101,"column":null}}],"line":101},"14":{"loc":{"start":{"line":137,"column":21},"end":{"line":137,"column":null}},"type":"binary-expr","locations":[{"start":{"line":137,"column":21},"end":{"line":137,"column":33}},{"start":{"line":137,"column":33},"end":{"line":137,"column":null}}],"line":137},"15":{"loc":{"start":{"line":138,"column":21},"end":{"line":139,"column":null}},"type":"binary-expr","locations":[{"start":{"line":138,"column":21},"end":{"line":138,"column":null}},{"start":{"line":139,"column":22},"end":{"line":139,"column":null}}],"line":138},"16":{"loc":{"start":{"line":142,"column":19},"end":{"line":143,"column":null}},"type":"binary-expr","locations":[{"start":{"line":142,"column":19},"end":{"line":142,"column":null}},{"start":{"line":143,"column":20},"end":{"line":143,"column":null}}],"line":142},"17":{"loc":{"start":{"line":145,"column":19},"end":{"line":153,"column":null}},"type":"binary-expr","locations":[{"start":{"line":145,"column":19},"end":{"line":145,"column":null}},{"start":{"line":146,"column":20},"end":{"line":153,"column":null}}],"line":145},"18":{"loc":{"start":{"line":135,"column":25},"end":{"line":135,"column":null}},"type":"binary-expr","locations":[{"start":{"line":135,"column":25},"end":{"line":135,"column":35}},{"start":{"line":135,"column":35},"end":{"line":135,"column":null}}],"line":135}},"s":{"0":1,"1":1,"2":1,"3":1,"4":1,"5":2,"6":2,"7":2},"f":{"0":1,"1":2,"2":2,"3":2},"b":{"0":[1,0],"1":[1,0],"2":[1,0],"3":[1,0],"4":[2,0],"5":[2,2],"6":[2,2],"7":[2,2],"8":[2,0],"9":[2,0],"10":[2,2],"11":[2,2],"12":[2,2],"13":[2,0],"14":[2,0],"15":[2,2],"16":[2,2],"17":[2,2],"18":[2,0]},"meta":{"lastBranch":19,"lastFunction":4,"lastStatement":8,"seen":{"f:15:24:15:41":0,"s:16:28:16:Infinity":0,"b:16:28:16:53:16:53:16:Infinity":0,"s:17:34:17:Infinity":1,"b:17:34:17:65:17:65:17:Infinity":1,"s:18:28:18:Infinity":2,"b:18:28:18:53:18:53:18:Infinity":2,"s:19:30:19:Infinity":3,"b:19:30:19:57:19:57:19:Infinity":3,"s:21:2:161:Infinity":4,"f:66:33:66:34":1,"s:67:16:87:Infinity":5,"b:69:21:69:33:69:33:69:Infinity":4,"b:70:21:70:Infinity:71:22:71:Infinity":5,"b:74:19:74:Infinity:75:20:75:Infinity":6,"b:77:19:77:Infinity:78:20:85:Infinity":7,"b:67:25:67:35:67:35:67:Infinity":8,"f:100:39:100:40":2,"s:101:16:121:Infinity":6,"b:103:21:103:33:103:33:103:Infinity":9,"b:104:21:104:Infinity:105:22:105:Infinity":10,"b:108:19:108:Infinity:109:20:109:Infinity":11,"b:111:19:111:Infinity:112:20:119:Infinity":12,"b:101:25:101:35:101:35:101:Infinity":13,"f:134:33:134:34":3,"s:135:16:155:Infinity":7,"b:137:21:137:33:137:33:137:Infinity":14,"b:138:21:138:Infinity:139:22:139:Infinity":15,"b:142:19:142:Infinity:143:20:143:Infinity":16,"b:145:19:145:Infinity:146:20:153:Infinity":17,"b:135:25:135:35:135:35:135:Infinity":18}}}
,"C:\\dev\\u-stock\\src\\components\\pages\\IndexFundsPage.css": {"path":"C:\\dev\\u-stock\\src\\components\\pages\\IndexFundsPage.css","statementMap":{},"fnMap":{},"branchMap":{},"s":{},"f":{},"b":{},"meta":{"lastBranch":0,"lastFunction":0,"lastStatement":0,"seen":{}}}
,"C:\\dev\\u-stock\\src\\components\\pages\\IndexFundsPage.jsx": {"path":"C:\\dev\\u-stock\\src\\components\\pages\\IndexFundsPage.jsx","statementMap":{"0":{"start":{"line":11,"column":20},"end":{"line":37,"column":null}},"1":{"start":{"line":40,"column":2},"end":{"line":40,"column":null}},"2":{"start":{"line":40,"column":21},"end":{"line":40,"column":null}},"3":{"start":{"line":41,"column":12},"end":{"line":41,"column":null}},"4":{"start":{"line":42,"column":2},"end":{"line":42,"column":null}},"5":{"start":{"line":42,"column":27},"end":{"line":42,"column":null}},"6":{"start":{"line":43,"column":2},"end":{"line":43,"column":null}},"7":{"start":{"line":43,"column":17},"end":{"line":43,"column":null}},"8":{"start":{"line":44,"column":2},"end":{"line":44,"column":null}},"9":{"start":{"line":44,"column":16},"end":{"line":44,"column":null}},"10":{"start":{"line":45,"column":2},"end":{"line":45,"column":null}},"11":{"start":{"line":45,"column":16},"end":{"line":45,"column":null}},"12":{"start":{"line":46,"column":2},"end":{"line":46,"column":null}},"13":{"start":{"line":50,"column":32},"end":{"line":50,"column":null}},"14":{"start":{"line":56,"column":2},"end":{"line":56,"column":null}},"15":{"start":{"line":59,"column":8},"end":{"line":67,"column":null}},"16":{"start":{"line":60,"column":16},"end":{"line":60,"column":null}},"17":{"start":{"line":61,"column":17},"end":{"line":61,"column":null}},"18":{"start":{"line":62,"column":4},"end":{"line":65,"column":null}},"19":{"start":{"line":63,"column":6},"end":{"line":63,"column":null}},"20":{"start":{"line":63,"column":22},"end":{"line":63,"column":null}},"21":{"start":{"line":64,"column":6},"end":{"line":64,"column":null}},"22":{"start":{"line":66,"column":4},"end":{"line":66,"column":null}},"23":{"start":{"line":70,"column":8},"end":{"line":80,"column":null}},"24":{"start":{"line":72,"column":6},"end":{"line":78,"column":null}},"25":{"start":{"line":73,"column":26},"end":{"line":73,"column":null}},"26":{"start":{"line":74,"column":8},"end":{"line":77,"column":null}},"27":{"start":{"line":82,"column":2},"end":{"line":272,"column":null}},"28":{"start":{"line":122,"column":29},"end":{"line":122,"column":null}},"29":{"start":{"line":132,"column":29},"end":{"line":132,"column":null}},"30":{"start":{"line":227,"column":18},"end":{"line":265,"column":null}}},"fnMap":{"0":{"name":"formatMarketCap","decl":{"start":{"line":39,"column":9},"end":{"line":39,"column":25}},"loc":{"start":{"line":39,"column":32},"end":{"line":47,"column":null}},"line":39},"1":{"name":"IndexFundsPage","decl":{"start":{"line":49,"column":24},"end":{"line":49,"column":41}},"loc":{"start":{"line":49,"column":41},"end":{"line":274,"column":null}},"line":49},"2":{"name":"(anonymous_2)","decl":{"start":{"line":59,"column":34},"end":{"line":59,"column":40}},"loc":{"start":{"line":59,"column":40},"end":{"line":67,"column":5}},"line":59},"3":{"name":"(anonymous_3)","decl":{"start":{"line":71,"column":4},"end":{"line":71,"column":null}},"loc":{"start":{"line":72,"column":6},"end":{"line":78,"column":null}},"line":72},"4":{"name":"(anonymous_4)","decl":{"start":{"line":72,"column":22},"end":{"line":72,"column":23}},"loc":{"start":{"line":72,"column":32},"end":{"line":78,"column":7}},"line":72},"5":{"name":"(anonymous_5)","decl":{"start":{"line":122,"column":23},"end":{"line":122,"column":29}},"loc":{"start":{"line":122,"column":29},"end":{"line":122,"column":null}},"line":122},"6":{"name":"(anonymous_6)","decl":{"start":{"line":132,"column":23},"end":{"line":132,"column":29}},"loc":{"start":{"line":132,"column":29},"end":{"line":132,"column":null}},"line":132},"7":{"name":"(anonymous_7)","decl":{"start":{"line":226,"column":35},"end":{"line":226,"column":36}},"loc":{"start":{"line":227,"column":18},"end":{"line":265,"column":null}},"line":227}},"branchMap":{"0":{"loc":{"start":{"line":40,"column":2},"end":{"line":40,"column":null}},"type":"if","locations":[{"start":{"line":40,"column":2},"end":{"line":40,"column":null}},{"start":{},"end":{}}],"line":40},"1":{"loc":{"start":{"line":42,"column":2},"end":{"line":42,"column":null}},"type":"if","locations":[{"start":{"line":42,"column":2},"end":{"line":42,"column":null}},{"start":{},"end":{}}],"line":42},"2":{"loc":{"start":{"line":43,"column":2},"end":{"line":43,"column":null}},"type":"if","locations":[{"start":{"line":43,"column":2},"end":{"line":43,"column":null}},{"start":{},"end":{}}],"line":43},"3":{"loc":{"start":{"line":44,"column":2},"end":{"line":44,"column":null}},"type":"if","locations":[{"start":{"line":44,"column":2},"end":{"line":44,"column":null}},{"start":{},"end":{}}],"line":44},"4":{"loc":{"start":{"line":45,"column":2},"end":{"line":45,"column":null}},"type":"if","locations":[{"start":{"line":45,"column":2},"end":{"line":45,"column":null}},{"start":{},"end":{}}],"line":45},"5":{"loc":{"start":{"line":61,"column":17},"end":{"line":61,"column":null}},"type":"cond-expr","locations":[{"start":{"line":61,"column":51},"end":{"line":61,"column":70}},{"start":{"line":61,"column":70},"end":{"line":61,"column":null}}],"line":61},"6":{"loc":{"start":{"line":63,"column":6},"end":{"line":63,"column":null}},"type":"if","locations":[{"start":{"line":63,"column":6},"end":{"line":63,"column":null}},{"start":{},"end":{}}],"line":63},"7":{"loc":{"start":{"line":76,"column":24},"end":{"line":76,"column":null}},"type":"binary-expr","locations":[{"start":{"line":76,"column":24},"end":{"line":76,"column":54}},{"start":{"line":76,"column":54},"end":{"line":76,"column":null}}],"line":76},"8":{"loc":{"start":{"line":96,"column":13},"end":{"line":104,"column":null}},"type":"binary-expr","locations":[{"start":{"line":96,"column":13},"end":{"line":96,"column":null}},{"start":{"line":97,"column":14},"end":{"line":104,"column":null}}],"line":96},"9":{"loc":{"start":{"line":120,"column":17},"end":{"line":120,"column":null}},"type":"cond-expr","locations":[{"start":{"line":120,"column":41},"end":{"line":120,"column":61}},{"start":{"line":120,"column":61},"end":{"line":120,"column":null}}],"line":120},"10":{"loc":{"start":{"line":130,"column":17},"end":{"line":130,"column":null}},"type":"cond-expr","locations":[{"start":{"line":130,"column":41},"end":{"line":130,"column":61}},{"start":{"line":130,"column":61},"end":{"line":130,"column":null}}],"line":130},"11":{"loc":{"start":{"line":140,"column":9},"end":{"line":269,"column":null}},"type":"cond-expr","locations":[{"start":{"line":141,"column":10},"end":{"line":217,"column":null}},{"start":{"line":219,"column":10},"end":{"line":269,"column":null}}],"line":140},"12":{"loc":{"start":{"line":220,"column":13},"end":{"line":267,"column":null}},"type":"cond-expr","locations":[{"start":{"line":221,"column":14},"end":{"line":223,"column":null}},{"start":{"line":225,"column":14},"end":{"line":267,"column":null}}],"line":220},"13":{"loc":{"start":{"line":241,"column":27},"end":{"line":248,"column":null}},"type":"cond-expr","locations":[{"start":{"line":245,"column":30},"end":{"line":247,"column":null}},{"start":{"line":248,"column":30},"end":{"line":248,"column":null}}],"line":241},"14":{"loc":{"start":{"line":241,"column":27},"end":{"line":244,"column":null}},"type":"binary-expr","locations":[{"start":{"line":241,"column":27},"end":{"line":241,"column":null}},{"start":{"line":242,"column":26},"end":{"line":244,"column":null}}],"line":241},"15":{"loc":{"start":{"line":257,"column":27},"end":{"line":261,"column":null}},"type":"cond-expr","locations":[{"start":{"line":258,"column":30},"end":{"line":260,"column":null}},{"start":{"line":261,"column":30},"end":{"line":261,"column":null}}],"line":257}},"s":{"0":1,"1":1,"2":0,"3":1,"4":1,"5":0,"6":1,"7":0,"8":1,"9":1,"10":0,"11":0,"12":0,"13":5,"14":5,"15":5,"16":3,"17":3,"18":3,"19":1,"20":0,"21":1,"22":3,"23":5,"24":3,"25":15,"26":15,"27":5,"28":0,"29":2,"30":5},"f":{"0":1,"1":5,"2":3,"3":3,"4":15,"5":0,"6":2,"7":5},"b":{"0":[0,1],"1":[0,1],"2":[0,1],"3":[1,0],"4":[0,0],"5":[3,0],"6":[0,1],"7":[15,14],"8":[5,2],"9":[3,2],"10":[2,3],"11":[3,2],"12":[1,1],"13":[1,4],"14":[5,1],"15":[1,4]},"meta":{"lastBranch":16,"lastFunction":8,"lastStatement":31,"seen":{"s:11:20:37:Infinity":0,"f:39:9:39:25":0,"b:40:2:40:Infinity:undefined:undefined:undefined:undefined":0,"s:40:2:40:Infinity":1,"s:40:21:40:Infinity":2,"s:41:12:41:Infinity":3,"b:42:2:42:Infinity:undefined:undefined:undefined:undefined":1,"s:42:2:42:Infinity":4,"s:42:27:42:Infinity":5,"b:43:2:43:Infinity:undefined:undefined:undefined:undefined":2,"s:43:2:43:Infinity":6,"s:43:17:43:Infinity":7,"b:44:2:44:Infinity:undefined:undefined:undefined:undefined":3,"s:44:2:44:Infinity":8,"s:44:16:44:Infinity":9,"b:45:2:45:Infinity:undefined:undefined:undefined:undefined":4,"s:45:2:45:Infinity":10,"s:45:16:45:Infinity":11,"s:46:2:46:Infinity":12,"f:49:24:49:41":1,"s:50:32:50:Infinity":13,"s:56:2:56:Infinity":14,"s:59:8:67:Infinity":15,"f:59:34:59:40":2,"s:60:16:60:Infinity":16,"s:61:17:61:Infinity":17,"b:61:51:61:70:61:70:61:Infinity":5,"s:62:4:65:Infinity":18,"b:63:6:63:Infinity:undefined:undefined:undefined:undefined":6,"s:63:6:63:Infinity":19,"s:63:22:63:Infinity":20,"s:64:6:64:Infinity":21,"s:66:4:66:Infinity":22,"s:70:8:80:Infinity":23,"f:71:4:71:Infinity":3,"s:72:6:78:Infinity":24,"f:72:22:72:23":4,"s:73:26:73:Infinity":25,"s:74:8:77:Infinity":26,"b:76:24:76:54:76:54:76:Infinity":7,"s:82:2:272:Infinity":27,"b:96:13:96:Infinity:97:14:104:Infinity":8,"b:120:41:120:61:120:61:120:Infinity":9,"f:122:23:122:29":5,"s:122:29:122:Infinity":28,"b:130:41:130:61:130:61:130:Infinity":10,"f:132:23:132:29":6,"s:132:29:132:Infinity":29,"b:141:10:217:Infinity:219:10:269:Infinity":11,"b:221:14:223:Infinity:225:14:267:Infinity":12,"f:226:35:226:36":7,"s:227:18:265:Infinity":30,"b:245:30:247:Infinity:248:30:248:Infinity":13,"b:241:27:241:Infinity:242:26:244:Infinity":14,"b:258:30:260:Infinity:261:30:261:Infinity":15}}}
,"C:\\dev\\u-stock\\src\\config\\raw\\fundamentalsSources.js": {"path":"C:\\dev\\u-stock\\src\\config\\raw\\fundamentalsSources.js","statementMap":{"0":{"start":{"line":2,"column":35},"end":{"line":17,"column":1}}},"fnMap":{},"branchMap":{},"s":{"0":1},"f":{},"b":{},"meta":{"lastBranch":0,"lastFunction":0,"lastStatement":1,"seen":{"s:2:35:17:1":0}}}
,"C:\\dev\\u-stock\\src\\config\\raw\\macroSources.js": {"path":"C:\\dev\\u-stock\\src\\config\\raw\\macroSources.js","statementMap":{"0":{"start":{"line":2,"column":29},"end":{"line":17,"column":1}}},"fnMap":{},"branchMap":{},"s":{"0":1},"f":{},"b":{},"meta":{"lastBranch":0,"lastFunction":0,"lastStatement":1,"seen":{"s:2:29:17:1":0}}}
,"C:\\dev\\u-stock\\src\\config\\raw\\pricesSources.js": {"path":"C:\\dev\\u-stock\\src\\config\\raw\\pricesSources.js","statementMap":{"0":{"start":{"line":2,"column":29},"end":{"line":17,"column":1}}},"fnMap":{},"branchMap":{},"s":{"0":1},"f":{},"b":{},"meta":{"lastBranch":0,"lastFunction":0,"lastStatement":1,"seen":{"s:2:29:17:1":0}}}
,"C:\\dev\\u-stock\\src\\config\\raw\\redditSources.js": {"path":"C:\\dev\\u-stock\\src\\config\\raw\\redditSources.js","statementMap":{"0":{"start":{"line":2,"column":30},"end":{"line":17,"column":1}}},"fnMap":{},"branchMap":{},"s":{"0":1},"f":{},"b":{},"meta":{"lastBranch":0,"lastFunction":0,"lastStatement":1,"seen":{"s:2:30:17:1":0}}}
,"C:\\dev\\u-stock\\src\\config\\raw\\trackedTickers.js": {"path":"C:\\dev\\u-stock\\src\\config\\raw\\trackedTickers.js","statementMap":{"0":{"start":{"line":1,"column":31},"end":{"line":22,"column":1}}},"fnMap":{},"branchMap":{},"s":{"0":1},"f":{},"b":{},"meta":{"lastBranch":0,"lastFunction":0,"lastStatement":1,"seen":{"s:1:31:22:1":0}}}
,"C:\\dev\\u-stock\\src\\hooks\\raw\\useDailyPricesHistory.js": {"path":"C:\\dev\\u-stock\\src\\hooks\\raw\\useDailyPricesHistory.js","statementMap":{"0":{"start":{"line":5,"column":47},"end":{"line":5,"column":60}},"1":{"start":{"line":6,"column":31},"end":{"line":6,"column":44}},"2":{"start":{"line":7,"column":25},"end":{"line":7,"column":40}},"3":{"start":{"line":8,"column":31},"end":{"line":8,"column":46}},"4":{"start":{"line":9,"column":27},"end":{"line":9,"column":42}},"5":{"start":{"line":11,"column":1},"end":{"line":70,"column":9}},"6":{"start":{"line":12,"column":20},"end":{"line":12,"column":25}},"7":{"start":{"line":15,"column":6},"end":{"line":15,"column":23}},"8":{"start":{"line":16,"column":6},"end":{"line":16,"column":21}},"9":{"start":{"line":18,"column":6},"end":{"line":63,"column":7}},"10":{"start":{"line":19,"column":20},"end":{"line":19,"column":64}},"11":{"start":{"line":20,"column":8},"end":{"line":22,"column":9}},"12":{"start":{"line":21,"column":10},"end":{"line":21,"column":48}},"13":{"start":{"line":23,"column":21},"end":{"line":23,"column":37}},"14":{"start":{"line":25,"column":8},"end":{"line":25,"column":30}},"15":{"start":{"line":25,"column":23},"end":{"line":25,"column":30}},"16":{"start":{"line":27,"column":23},"end":{"line":27,"column":40}},"17":{"start":{"line":28,"column":23},"end":{"line":28,"column":25}},"18":{"start":{"line":29,"column":27},"end":{"line":29,"column":46}},"19":{"start":{"line":31,"column":8},"end":{"line":47,"column":9}},"20":{"start":{"line":32,"column":23},"end":{"line":32,"column":74}},"21":{"start":{"line":34,"column":25},"end":{"line":44,"column":71}},"22":{"start":{"line":35,"column":27},"end":{"line":43,"column":13}},"23":{"start":{"line":44,"column":28},"end":{"line":44,"column":70}},"24":{"start":{"line":46,"column":10},"end":{"line":46,"column":34}},"25":{"start":{"line":49,"column":8},"end":{"line":49,"column":35}},"26":{"start":{"line":50,"column":8},"end":{"line":50,"column":31}},"27":{"start":{"line":51,"column":8},"end":{"line":53,"column":11}},"28":{"start":{"line":55,"column":8},"end":{"line":55,"column":67}},"29":{"start":{"line":56,"column":8},"end":{"line":58,"column":9}},"30":{"start":{"line":57,"column":10},"end":{"line":57,"column":24}},"31":{"start":{"line":60,"column":8},"end":{"line":62,"column":9}},"32":{"start":{"line":61,"column":10},"end":{"line":61,"column":28}},"33":{"start":{"line":66,"column":4},"end":{"line":66,"column":10}},"34":{"start":{"line":67,"column":4},"end":{"line":69,"column":6}},"35":{"start":{"line":68,"column":6},"end":{"line":68,"column":23}},"36":{"start":{"line":72,"column":2},"end":{"line":72,"column":60}}},"fnMap":{"0":{"name":"useDailyPricesHistory","decl":{"start":{"line":4,"column":16},"end":{"line":4,"column":37}},"loc":{"start":{"line":4,"column":40},"end":{"line":73,"column":1}},"line":4},"1":{"name":"(anonymous_1)","decl":{"start":{"line":11,"column":12},"end":{"line":11,"column":13}},"loc":{"start":{"line":11,"column":18},"end":{"line":70,"column":3}},"line":11},"2":{"name":"run","decl":{"start":{"line":14,"column":19},"end":{"line":14,"column":22}},"loc":{"start":{"line":14,"column":25},"end":{"line":64,"column":5}},"line":14},"3":{"name":"(anonymous_3)","decl":{"start":{"line":35,"column":17},"end":{"line":35,"column":18}},"loc":{"start":{"line":35,"column":27},"end":{"line":43,"column":13}},"line":35},"4":{"name":"(anonymous_4)","decl":{"start":{"line":44,"column":18},"end":{"line":44,"column":19}},"loc":{"start":{"line":44,"column":28},"end":{"line":44,"column":70}},"line":44},"5":{"name":"(anonymous_5)","decl":{"start":{"line":67,"column":11},"end":{"line":67,"column":12}},"loc":{"start":{"line":67,"column":17},"end":{"line":69,"column":5}},"line":67}},"branchMap":{"0":{"loc":{"start":{"line":20,"column":8},"end":{"line":22,"column":9}},"type":"if","locations":[{"start":{"line":20,"column":8},"end":{"line":22,"column":9}},{"start":{},"end":{}}],"line":20},"1":{"loc":{"start":{"line":25,"column":8},"end":{"line":25,"column":30}},"type":"if","locations":[{"start":{"line":25,"column":8},"end":{"line":25,"column":30}},{"start":{},"end":{}}],"line":25},"2":{"loc":{"start":{"line":27,"column":23},"end":{"line":27,"column":40}},"type":"binary-expr","locations":[{"start":{"line":27,"column":23},"end":{"line":27,"column":34}},{"start":{"line":27,"column":38},"end":{"line":27,"column":40}}],"line":27},"3":{"loc":{"start":{"line":32,"column":23},"end":{"line":32,"column":74}},"type":"cond-expr","locations":[{"start":{"line":32,"column":55},"end":{"line":32,"column":69}},{"start":{"line":32,"column":72},"end":{"line":32,"column":74}}],"line":32},"4":{"loc":{"start":{"line":37,"column":25},"end":{"line":37,"column":53}},"type":"binary-expr","locations":[{"start":{"line":37,"column":25},"end":{"line":37,"column":47}},{"start":{"line":37,"column":51},"end":{"line":37,"column":53}}],"line":37},"5":{"loc":{"start":{"line":44,"column":29},"end":{"line":44,"column":41}},"type":"binary-expr","locations":[{"start":{"line":44,"column":29},"end":{"line":44,"column":35}},{"start":{"line":44,"column":39},"end":{"line":44,"column":41}}],"line":44},"6":{"loc":{"start":{"line":44,"column":57},"end":{"line":44,"column":69}},"type":"binary-expr","locations":[{"start":{"line":44,"column":57},"end":{"line":44,"column":63}},{"start":{"line":44,"column":67},"end":{"line":44,"column":69}}],"line":44},"7":{"loc":{"start":{"line":56,"column":8},"end":{"line":58,"column":9}},"type":"if","locations":[{"start":{"line":56,"column":8},"end":{"line":58,"column":9}},{"start":{},"end":{}}],"line":56},"8":{"loc":{"start":{"line":60,"column":8},"end":{"line":62,"column":9}},"type":"if","locations":[{"start":{"line":60,"column":8},"end":{"line":62,"column":9}},{"start":{},"end":{}}],"line":60}},"s":{"0":1,"1":1,"2":1,"3":1,"4":1,"5":1,"6":1,"7":1,"8":1,"9":1,"10":1,"11":0,"12":0,"13":0,"14":0,"15":0,"16":0,"17":1,"18":1,"19":1,"20":0,"21":0,"22":0,"23":0,"24":0,"25":0,"26":0,"27":0,"28":1,"29":1,"30":1,"31":1,"32":1,"33":1,"34":1,"35":1,"36":1},"f":{"0":1,"1":1,"2":1,"3":0,"4":0,"5":1},"b":{"0":[0,0],"1":[0,0],"2":[0,0],"3":[0,0],"4":[0,0],"5":[0,0],"6":[0,0],"7":[1,0],"8":[1,0]},"meta":{"lastBranch":9,"lastFunction":6,"lastStatement":37,"seen":{"f:4:16:4:37":0,"s:5:47:5:60":0,"s:6:31:6:44":1,"s:7:25:7:40":2,"s:8:31:8:46":3,"s:9:27:9:42":4,"s:11:1:70:9":5,"f:11:12:11:13":1,"s:12:20:12:25":6,"f:14:19:14:22":2,"s:15:6:15:23":7,"s:16:6:16:21":8,"s:18:6:63:7":9,"s:19:20:19:64":10,"b:20:8:22:9:undefined:undefined:undefined:undefined":0,"s:20:8:22:9":11,"s:21:10:21:48":12,"s:23:21:23:37":13,"b:25:8:25:30:undefined:undefined:undefined:undefined":1,"s:25:8:25:30":14,"s:25:23:25:30":15,"s:27:23:27:40":16,"b:27:23:27:34:27:38:27:40":2,"s:28:23:28:25":17,"s:29:27:29:46":18,"s:31:8:47:9":19,"s:32:23:32:74":20,"b:32:55:32:69:32:72:32:74":3,"s:34:25:44:71":21,"f:35:17:35:18":3,"s:35:27:43:13":22,"b:37:25:37:47:37:51:37:53":4,"f:44:18:44:19":4,"s:44:28:44:70":23,"b:44:29:44:35:44:39:44:41":5,"b:44:57:44:63:44:67:44:69":6,"s:46:10:46:34":24,"s:49:8:49:35":25,"s:50:8:50:31":26,"s:51:8:53:11":27,"s:55:8:55:67":28,"b:56:8:58:9:undefined:undefined:undefined:undefined":7,"s:56:8:58:9":29,"s:57:10:57:24":30,"b:60:8:62:9:undefined:undefined:undefined:undefined":8,"s:60:8:62:9":31,"s:61:10:61:28":32,"s:66:4:66:10":33,"s:67:4:69:6":34,"f:67:11:67:12":5,"s:68:6:68:23":35,"s:72:2:72:60":36}}}
,"C:\\dev\\u-stock\\src\\hooks\\raw\\useSignalsSnapshot.js": {"path":"C:\\dev\\u-stock\\src\\hooks\\raw\\useSignalsSnapshot.js","statementMap":{"0":{"start":{"line":5,"column":25},"end":{"line":5,"column":38}},"1":{"start":{"line":6,"column":25},"end":{"line":6,"column":40}},"2":{"start":{"line":7,"column":31},"end":{"line":7,"column":46}},"3":{"start":{"line":8,"column":27},"end":{"line":8,"column":42}},"4":{"start":{"line":10,"column":1},"end":{"line":60,"column":9}},"5":{"start":{"line":11,"column":20},"end":{"line":11,"column":25}},"6":{"start":{"line":14,"column":6},"end":{"line":14,"column":23}},"7":{"start":{"line":15,"column":6},"end":{"line":15,"column":21}},"8":{"start":{"line":17,"column":6},"end":{"line":53,"column":7}},"9":{"start":{"line":18,"column":20},"end":{"line":18,"column":67}},"10":{"start":{"line":19,"column":8},"end":{"line":21,"column":9}},"11":{"start":{"line":20,"column":10},"end":{"line":20,"column":48}},"12":{"start":{"line":22,"column":21},"end":{"line":22,"column":37}},"13":{"start":{"line":24,"column":8},"end":{"line":24,"column":30}},"14":{"start":{"line":24,"column":23},"end":{"line":24,"column":30}},"15":{"start":{"line":33,"column":21},"end":{"line":33,"column":62}},"16":{"start":{"line":36,"column":23},"end":{"line":36,"column":80}},"17":{"start":{"line":36,"column":48},"end":{"line":36,"column":79}},"18":{"start":{"line":38,"column":8},"end":{"line":38,"column":24}},"19":{"start":{"line":39,"column":8},"end":{"line":43,"column":11}},"20":{"start":{"line":42,"column":55},"end":{"line":42,"column":63}},"21":{"start":{"line":45,"column":8},"end":{"line":45,"column":63}},"22":{"start":{"line":46,"column":8},"end":{"line":48,"column":9}},"23":{"start":{"line":47,"column":10},"end":{"line":47,"column":24}},"24":{"start":{"line":50,"column":8},"end":{"line":52,"column":9}},"25":{"start":{"line":51,"column":10},"end":{"line":51,"column":28}},"26":{"start":{"line":56,"column":4},"end":{"line":56,"column":10}},"27":{"start":{"line":57,"column":4},"end":{"line":59,"column":6}},"28":{"start":{"line":58,"column":6},"end":{"line":58,"column":23}},"29":{"start":{"line":62,"column":2},"end":{"line":62,"column":40}}},"fnMap":{"0":{"name":"useSignalsSnapshot","decl":{"start":{"line":4,"column":16},"end":{"line":4,"column":34}},"loc":{"start":{"line":4,"column":37},"end":{"line":63,"column":1}},"line":4},"1":{"name":"(anonymous_1)","decl":{"start":{"line":10,"column":12},"end":{"line":10,"column":13}},"loc":{"start":{"line":10,"column":18},"end":{"line":60,"column":3}},"line":10},"2":{"name":"run","decl":{"start":{"line":13,"column":19},"end":{"line":13,"column":22}},"loc":{"start":{"line":13,"column":25},"end":{"line":54,"column":5}},"line":13},"3":{"name":"(anonymous_3)","decl":{"start":{"line":36,"column":38},"end":{"line":36,"column":39}},"loc":{"start":{"line":36,"column":48},"end":{"line":36,"column":79}},"line":36},"4":{"name":"(anonymous_4)","decl":{"start":{"line":42,"column":48},"end":{"line":42,"column":49}},"loc":{"start":{"line":42,"column":55},"end":{"line":42,"column":63}},"line":42},"5":{"name":"(anonymous_5)","decl":{"start":{"line":57,"column":11},"end":{"line":57,"column":12}},"loc":{"start":{"line":57,"column":17},"end":{"line":59,"column":5}},"line":57}},"branchMap":{"0":{"loc":{"start":{"line":19,"column":8},"end":{"line":21,"column":9}},"type":"if","locations":[{"start":{"line":19,"column":8},"end":{"line":21,"column":9}},{"start":{},"end":{}}],"line":19},"1":{"loc":{"start":{"line":24,"column":8},"end":{"line":24,"column":30}},"type":"if","locations":[{"start":{"line":24,"column":8},"end":{"line":24,"column":30}},{"start":{},"end":{}}],"line":24},"2":{"loc":{"start":{"line":33,"column":21},"end":{"line":33,"column":62}},"type":"cond-expr","locations":[{"start":{"line":33,"column":48},"end":{"line":33,"column":57}},{"start":{"line":33,"column":60},"end":{"line":33,"column":62}}],"line":33},"3":{"loc":{"start":{"line":36,"column":49},"end":{"line":36,"column":61}},"type":"binary-expr","locations":[{"start":{"line":36,"column":49},"end":{"line":36,"column":56}},{"start":{"line":36,"column":60},"end":{"line":36,"column":61}}],"line":36},"4":{"loc":{"start":{"line":36,"column":66},"end":{"line":36,"column":78}},"type":"binary-expr","locations":[{"start":{"line":36,"column":66},"end":{"line":36,"column":73}},{"start":{"line":36,"column":77},"end":{"line":36,"column":78}}],"line":36},"5":{"loc":{"start":{"line":42,"column":20},"end":{"line":42,"column":64}},"type":"binary-expr","locations":[{"start":{"line":42,"column":20},"end":{"line":42,"column":33}},{"start":{"line":42,"column":37},"end":{"line":42,"column":64}}],"line":42},"6":{"loc":{"start":{"line":46,"column":8},"end":{"line":48,"column":9}},"type":"if","locations":[{"start":{"line":46,"column":8},"end":{"line":48,"column":9}},{"start":{},"end":{}}],"line":46},"7":{"loc":{"start":{"line":50,"column":8},"end":{"line":52,"column":9}},"type":"if","locations":[{"start":{"line":50,"column":8},"end":{"line":52,"column":9}},{"start":{},"end":{}}],"line":50}},"s":{"0":1,"1":1,"2":1,"3":1,"4":1,"5":1,"6":1,"7":1,"8":1,"9":1,"10":0,"11":0,"12":0,"13":0,"14":0,"15":0,"16":1,"17":0,"18":1,"19":1,"20":0,"21":1,"22":1,"23":1,"24":1,"25":1,"26":1,"27":1,"28":1,"29":1},"f":{"0":1,"1":1,"2":1,"3":0,"4":0,"5":1},"b":{"0":[0,0],"1":[0,0],"2":[0,0],"3":[0,0],"4":[0,0],"5":[1,0],"6":[1,0],"7":[1,0]},"meta":{"lastBranch":8,"lastFunction":6,"lastStatement":30,"seen":{"f:4:16:4:34":0,"s:5:25:5:38":0,"s:6:25:6:40":1,"s:7:31:7:46":2,"s:8:27:8:42":3,"s:10:1:60:9":4,"f:10:12:10:13":1,"s:11:20:11:25":5,"f:13:19:13:22":2,"s:14:6:14:23":6,"s:15:6:15:21":7,"s:17:6:53:7":8,"s:18:20:18:67":9,"b:19:8:21:9:undefined:undefined:undefined:undefined":0,"s:19:8:21:9":10,"s:20:10:20:48":11,"s:22:21:22:37":12,"b:24:8:24:30:undefined:undefined:undefined:undefined":1,"s:24:8:24:30":13,"s:24:23:24:30":14,"s:33:21:33:62":15,"b:33:48:33:57:33:60:33:62":2,"s:36:23:36:80":16,"f:36:38:36:39":3,"s:36:48:36:79":17,"b:36:49:36:56:36:60:36:61":3,"b:36:66:36:73:36:77:36:78":4,"s:38:8:38:24":18,"s:39:8:43:11":19,"b:42:20:42:33:42:37:42:64":5,"f:42:48:42:49":4,"s:42:55:42:63":20,"s:45:8:45:63":21,"b:46:8:48:9:undefined:undefined:undefined:undefined":6,"s:46:8:48:9":22,"s:47:10:47:24":23,"b:50:8:52:9:undefined:undefined:undefined:undefined":7,"s:50:8:52:9":24,"s:51:10:51:28":25,"s:56:4:56:10":26,"s:57:4:59:6":27,"f:57:11:57:12":5,"s:58:6:58:23":28,"s:62:2:62:40":29}}}
,"C:\\dev\\u-stock\\src\\lib\\redditMentions.js": {"path":"C:\\dev\\u-stock\\src\\lib\\redditMentions.js","statementMap":{"0":{"start":{"line":4,"column":28},"end":{"line":4,"column":45}},"1":{"start":{"line":13,"column":2},"end":{"line":13,"column":23}},"2":{"start":{"line":13,"column":13},"end":{"line":13,"column":23}},"3":{"start":{"line":15,"column":16},"end":{"line":15,"column":25}},"4":{"start":{"line":18,"column":18},"end":{"line":18,"column":48}},"5":{"start":{"line":19,"column":2},"end":{"line":22,"column":3}},"6":{"start":{"line":20,"column":19},"end":{"line":20,"column":43}},"7":{"start":{"line":21,"column":4},"end":{"line":21,"column":22}},"8":{"start":{"line":25,"column":2},"end":{"line":37,"column":3}},"9":{"start":{"line":26,"column":22},"end":{"line":26,"column":40}},"10":{"start":{"line":28,"column":4},"end":{"line":36,"column":5}},"11":{"start":{"line":29,"column":26},"end":{"line":29,"column":46}},"12":{"start":{"line":32,"column":22},"end":{"line":32,"column":61}},"13":{"start":{"line":33,"column":6},"end":{"line":35,"column":7}},"14":{"start":{"line":34,"column":8},"end":{"line":34,"column":31}},"15":{"start":{"line":39,"column":2},"end":{"line":39,"column":27}},"16":{"start":{"line":50,"column":34},"end":{"line":50,"column":41}},"17":{"start":{"line":51,"column":17},"end":{"line":51,"column":19}},"18":{"start":{"line":53,"column":2},"end":{"line":69,"column":3}},"19":{"start":{"line":54,"column":24},"end":{"line":54,"column":51}},"20":{"start":{"line":56,"column":4},"end":{"line":68,"column":5}},"21":{"start":{"line":57,"column":22},"end":{"line":57,"column":50}},"22":{"start":{"line":59,"column":6},"end":{"line":67,"column":7}},"23":{"start":{"line":60,"column":22},"end":{"line":60,"column":37}},"24":{"start":{"line":62,"column":8},"end":{"line":64,"column":9}},"25":{"start":{"line":63,"column":10},"end":{"line":63,"column":19}},"26":{"start":{"line":66,"column":8},"end":{"line":66,"column":49}},"27":{"start":{"line":71,"column":2},"end":{"line":71,"column":16}},"28":{"start":{"line":78,"column":2},"end":{"line":80,"column":39}},"29":{"start":{"line":79,"column":31},"end":{"line":79,"column":48}},"30":{"start":{"line":80,"column":20},"end":{"line":80,"column":37}}},"fnMap":{"0":{"name":"extractTickersFromText","decl":{"start":{"line":12,"column":16},"end":{"line":12,"column":38}},"loc":{"start":{"line":12,"column":45},"end":{"line":40,"column":1}},"line":12},"1":{"name":"tallyTickerMentions","decl":{"start":{"line":49,"column":16},"end":{"line":49,"column":35}},"loc":{"start":{"line":49,"column":57},"end":{"line":72,"column":1}},"line":49},"2":{"name":"sortTickerCounts","decl":{"start":{"line":77,"column":16},"end":{"line":77,"column":32}},"loc":{"start":{"line":77,"column":41},"end":{"line":81,"column":1}},"line":77},"3":{"name":"(anonymous_3)","decl":{"start":{"line":79,"column":9},"end":{"line":79,"column":10}},"loc":{"start":{"line":79,"column":31},"end":{"line":79,"column":48}},"line":79},"4":{"name":"(anonymous_4)","decl":{"start":{"line":80,"column":10},"end":{"line":80,"column":11}},"loc":{"start":{"line":80,"column":20},"end":{"line":80,"column":37}},"line":80}},"branchMap":{"0":{"loc":{"start":{"line":13,"column":2},"end":{"line":13,"column":23}},"type":"if","locations":[{"start":{"line":13,"column":2},"end":{"line":13,"column":23}},{"start":{},"end":{}}],"line":13},"1":{"loc":{"start":{"line":18,"column":18},"end":{"line":18,"column":48}},"type":"binary-expr","locations":[{"start":{"line":18,"column":18},"end":{"line":18,"column":42}},{"start":{"line":18,"column":46},"end":{"line":18,"column":48}}],"line":18},"2":{"loc":{"start":{"line":25,"column":2},"end":{"line":37,"column":3}},"type":"if","locations":[{"start":{"line":25,"column":2},"end":{"line":37,"column":3}},{"start":{},"end":{}}],"line":25},"3":{"loc":{"start":{"line":25,"column":6},"end":{"line":25,"column":51}},"type":"binary-expr","locations":[{"start":{"line":25,"column":6},"end":{"line":25,"column":21}},{"start":{"line":25,"column":25},"end":{"line":25,"column":51}}],"line":25},"4":{"loc":{"start":{"line":33,"column":6},"end":{"line":35,"column":7}},"type":"if","locations":[{"start":{"line":33,"column":6},"end":{"line":35,"column":7}},{"start":{},"end":{}}],"line":33},"5":{"loc":{"start":{"line":49,"column":43},"end":{"line":49,"column":55}},"type":"default-arg","locations":[{"start":{"line":49,"column":53},"end":{"line":49,"column":55}}],"line":49},"6":{"loc":{"start":{"line":50,"column":10},"end":{"line":50,"column":29}},"type":"default-arg","locations":[{"start":{"line":50,"column":24},"end":{"line":50,"column":29}}],"line":50},"7":{"loc":{"start":{"line":62,"column":8},"end":{"line":64,"column":9}},"type":"if","locations":[{"start":{"line":62,"column":8},"end":{"line":64,"column":9}},{"start":{},"end":{}}],"line":62},"8":{"loc":{"start":{"line":62,"column":12},"end":{"line":62,"column":59}},"type":"binary-expr","locations":[{"start":{"line":62,"column":12},"end":{"line":62,"column":23}},{"start":{"line":62,"column":27},"end":{"line":62,"column":59}}],"line":62},"9":{"loc":{"start":{"line":66,"column":25},"end":{"line":66,"column":43}},"type":"binary-expr","locations":[{"start":{"line":66,"column":25},"end":{"line":66,"column":38}},{"start":{"line":66,"column":42},"end":{"line":66,"column":43}}],"line":66}},"s":{"0":1,"1":15,"2":3,"3":12,"4":12,"5":15,"6":9,"7":9,"8":12,"9":12,"10":12,"11":36,"12":36,"13":36,"14":17,"15":12,"16":3,"17":3,"18":3,"19":4,"20":4,"21":8,"22":8,"23":11,"24":11,"25":0,"26":11,"27":3,"28":2,"29":3,"30":3},"f":{"0":15,"1":3,"2":2,"3":3,"4":3},"b":{"0":[3,12],"1":[12,6],"2":[12,0],"3":[12,12],"4":[17,19],"5":[3],"6":[3],"7":[0,11],"8":[11,2],"9":[11,5]},"meta":{"lastBranch":10,"lastFunction":5,"lastStatement":31,"seen":{"s:4:28:4:45":0,"f:12:16:12:38":0,"b:13:2:13:23:undefined:undefined:undefined:undefined":0,"s:13:2:13:23":1,"s:13:13:13:23":2,"s:15:16:15:25":3,"s:18:18:18:48":4,"b:18:18:18:42:18:46:18:48":1,"s:19:2:22:3":5,"s:20:19:20:43":6,"s:21:4:21:22":7,"b:25:2:37:3:undefined:undefined:undefined:undefined":2,"s:25:2:37:3":8,"b:25:6:25:21:25:25:25:51":3,"s:26:22:26:40":9,"s:28:4:36:5":10,"s:29:26:29:46":11,"s:32:22:32:61":12,"b:33:6:35:7:undefined:undefined:undefined:undefined":4,"s:33:6:35:7":13,"s:34:8:34:31":14,"s:39:2:39:27":15,"f:49:16:49:35":1,"b:49:53:49:55":5,"s:50:34:50:41":16,"b:50:24:50:29":6,"s:51:17:51:19":17,"s:53:2:69:3":18,"s:54:24:54:51":19,"s:56:4:68:5":20,"s:57:22:57:50":21,"s:59:6:67:7":22,"s:60:22:60:37":23,"b:62:8:64:9:undefined:undefined:undefined:undefined":7,"s:62:8:64:9":24,"b:62:12:62:23:62:27:62:59":8,"s:63:10:63:19":25,"s:66:8:66:49":26,"b:66:25:66:38:66:42:66:43":9,"s:71:2:71:16":27,"f:77:16:77:32":2,"s:78:2:80:39":28,"f:79:9:79:10":3,"s:79:31:79:48":29,"f:80:10:80:11":4,"s:80:20:80:37":30}}}
}
