{"/workspaces/u-stock/src/components/RedditMentionsChart.jsx": {"path":"/workspaces/u-stock/src/components/RedditMentionsChart.jsx","statementMap":{"0":{"start":{"line":14,"column":19},"end":{"line":21,"column":null}},"1":{"start":{"line":25,"column":8},"end":{"line":29,"column":null}},"2":{"start":{"line":26,"column":17},"end":{"line":26,"column":null}},"3":{"start":{"line":28,"column":4},"end":{"line":28,"column":null}},"4":{"start":{"line":31,"column":2},"end":{"line":33,"column":null}},"5":{"start":{"line":32,"column":4},"end":{"line":32,"column":null}},"6":{"start":{"line":35,"column":2},"end":{"line":46,"column":null}},"7":{"start":{"line":36,"column":4},"end":{"line":44,"column":null}},"8":{"start":{"line":48,"column":2},"end":{"line":73,"column":null}},"9":{"start":{"line":66,"column":12},"end":{"line":69,"column":null}}},"fnMap":{"0":{"name":"RedditMentionsChart","decl":{"start":{"line":23,"column":24},"end":{"line":23,"column":44}},"loc":{"start":{"line":23,"column":66},"end":{"line":75,"column":null}},"line":23},"1":{"name":"(anonymous_1)","decl":{"start":{"line":25,"column":30},"end":{"line":25,"column":36}},"loc":{"start":{"line":25,"column":36},"end":{"line":29,"column":5}},"line":25},"2":{"name":"(anonymous_2)","decl":{"start":{"line":65,"column":27},"end":{"line":65,"column":28}},"loc":{"start":{"line":66,"column":12},"end":{"line":69,"column":null}},"line":66}},"branchMap":{"0":{"loc":{"start":{"line":26,"column":17},"end":{"line":26,"column":null}},"type":"cond-expr","locations":[{"start":{"line":26,"column":42},"end":{"line":26,"column":52}},{"start":{"line":26,"column":52},"end":{"line":26,"column":null}}],"line":26},"1":{"loc":{"start":{"line":31,"column":2},"end":{"line":33,"column":null}},"type":"if","locations":[{"start":{"line":31,"column":2},"end":{"line":33,"column":null}},{"start":{},"end":{}}],"line":31},"2":{"loc":{"start":{"line":35,"column":2},"end":{"line":46,"column":null}},"type":"if","locations":[{"start":{"line":35,"column":2},"end":{"line":46,"column":null}},{"start":{},"end":{}}],"line":35},"3":{"loc":{"start":{"line":35,"column":6},"end":{"line":35,"column":44}},"type":"binary-expr","locations":[{"start":{"line":35,"column":6},"end":{"line":35,"column":18}},{"start":{"line":35,"column":18},"end":{"line":35,"column":44}}],"line":35},"4":{"loc":{"start":{"line":67,"column":19},"end":{"line":67,"column":null}},"type":"binary-expr","locations":[{"start":{"line":67,"column":19},"end":{"line":67,"column":35}},{"start":{"line":67,"column":35},"end":{"line":67,"column":null}}],"line":67}},"s":{"0":1,"1":3,"2":3,"3":3,"4":3,"5":1,"6":2,"7":1,"8":1,"9":2},"f":{"0":3,"1":3,"2":2},"b":{"0":[3,0],"1":[1,2],"2":[1,1],"3":[2,2],"4":[2,0]},"meta":{"lastBranch":5,"lastFunction":3,"lastStatement":10,"seen":{"s:14:19:21:Infinity":0,"f:23:24:23:44":0,"s:25:8:29:Infinity":1,"f:25:30:25:36":1,"s:26:17:26:Infinity":2,"b:26:42:26:52:26:52:26:Infinity":0,"s:28:4:28:Infinity":3,"b:31:2:33:Infinity:undefined:undefined:undefined:undefined":1,"s:31:2:33:Infinity":4,"s:32:4:32:Infinity":5,"b:35:2:46:Infinity:undefined:undefined:undefined:undefined":2,"s:35:2:46:Infinity":6,"b:35:6:35:18:35:18:35:44":3,"s:36:4:44:Infinity":7,"s:48:2:73:Infinity":8,"f:65:27:65:28":2,"s:66:12:69:Infinity":9,"b:67:19:67:35:67:35:67:Infinity":4}}}
,"/workspaces/u-stock/src/components/dashboard/DashboardPage.css": {"path":"/workspaces/u-stock/src/components/dashboard/DashboardPage.css","statementMap":{},"fnMap":{},"branchMap":{},"s":{},"f":{},"b":{},"meta":{"lastBranch":0,"lastFunction":0,"lastStatement":0,"seen":{}}}
,"/workspaces/u-stock/src/components/dashboard/DashboardPage.jsx": {"path":"/workspaces/u-stock/src/components/dashboard/DashboardPage.jsx","statementMap":{"0":{"start":{"line":12,"column":20},"end":{"line":21,"column":null}},"1":{"start":{"line":25,"column":33},"end":{"line":25,"column":null}},"2":{"start":{"line":32,"column":2},"end":{"line":32,"column":null}},"3":{"start":{"line":38,"column":2},"end":{"line":38,"column":null}},"4":{"start":{"line":41,"column":34},"end":{"line":41,"column":null}},"5":{"start":{"line":42,"column":34},"end":{"line":42,"column":null}},"6":{"start":{"line":43,"column":44},"end":{"line":43,"column":null}},"7":{"start":{"line":46,"column":8},"end":{"line":54,"column":null}},"8":{"start":{"line":47,"column":16},"end":{"line":47,"column":null}},"9":{"start":{"line":48,"column":17},"end":{"line":48,"column":null}},"10":{"start":{"line":49,"column":4},"end":{"line":52,"column":null}},"11":{"start":{"line":50,"column":6},"end":{"line":50,"column":null}},"12":{"start":{"line":50,"column":25},"end":{"line":50,"column":null}},"13":{"start":{"line":51,"column":6},"end":{"line":51,"column":null}},"14":{"start":{"line":53,"column":4},"end":{"line":53,"column":null}},"15":{"start":{"line":57,"column":8},"end":{"line":65,"column":null}},"16":{"start":{"line":58,"column":17},"end":{"line":58,"column":null}},"17":{"start":{"line":59,"column":16},"end":{"line":59,"column":null}},"18":{"start":{"line":60,"column":4},"end":{"line":63,"column":null}},"19":{"start":{"line":61,"column":6},"end":{"line":61,"column":null}},"20":{"start":{"line":61,"column":25},"end":{"line":61,"column":null}},"21":{"start":{"line":62,"column":6},"end":{"line":62,"column":null}},"22":{"start":{"line":64,"column":4},"end":{"line":64,"column":null}},"23":{"start":{"line":68,"column":8},"end":{"line":74,"column":null}},"24":{"start":{"line":69,"column":17},"end":{"line":69,"column":null}},"25":{"start":{"line":70,"column":4},"end":{"line":70,"column":null}},"26":{"start":{"line":70,"column":15},"end":{"line":70,"column":null}},"27":{"start":{"line":71,"column":4},"end":{"line":73,"column":null}},"28":{"start":{"line":72,"column":21},"end":{"line":72,"column":69}},"29":{"start":{"line":76,"column":20},"end":{"line":83,"column":null}},"30":{"start":{"line":77,"column":19},"end":{"line":77,"column":null}},"31":{"start":{"line":78,"column":4},"end":{"line":78,"column":null}},"32":{"start":{"line":78,"column":17},"end":{"line":78,"column":null}},"33":{"start":{"line":79,"column":4},"end":{"line":79,"column":null}},"34":{"start":{"line":79,"column":38},"end":{"line":79,"column":null}},"35":{"start":{"line":80,"column":4},"end":{"line":80,"column":null}},"36":{"start":{"line":80,"column":42},"end":{"line":80,"column":null}},"37":{"start":{"line":81,"column":4},"end":{"line":81,"column":null}},"38":{"start":{"line":82,"column":4},"end":{"line":82,"column":null}},"39":{"start":{"line":86,"column":8},"end":{"line":100,"column":null}},"40":{"start":{"line":87,"column":17},"end":{"line":87,"column":null}},"41":{"start":{"line":89,"column":4},"end":{"line":96,"column":null}},"42":{"start":{"line":90,"column":26},"end":{"line":92,"column":null}},"43":{"start":{"line":91,"column":35},"end":{"line":91,"column":57}},"44":{"start":{"line":93,"column":6},"end":{"line":95,"column":null}},"45":{"start":{"line":94,"column":8},"end":{"line":94,"column":null}},"46":{"start":{"line":99,"column":4},"end":{"line":99,"column":null}},"47":{"start":{"line":103,"column":8},"end":{"line":114,"column":null}},"48":{"start":{"line":104,"column":15},"end":{"line":104,"column":null}},"49":{"start":{"line":105,"column":4},"end":{"line":111,"column":null}},"50":{"start":{"line":106,"column":16},"end":{"line":106,"column":null}},"51":{"start":{"line":107,"column":23},"end":{"line":107,"column":null}},"52":{"start":{"line":108,"column":6},"end":{"line":110,"column":null}},"53":{"start":{"line":109,"column":8},"end":{"line":109,"column":null}},"54":{"start":{"line":112,"column":4},"end":{"line":112,"column":null}},"55":{"start":{"line":112,"column":35},"end":{"line":112,"column":null}},"56":{"start":{"line":113,"column":4},"end":{"line":113,"column":null}},"57":{"start":{"line":117,"column":8},"end":{"line":125,"column":null}},"58":{"start":{"line":118,"column":16},"end":{"line":118,"column":null}},"59":{"start":{"line":119,"column":17},"end":{"line":119,"column":null}},"60":{"start":{"line":120,"column":4},"end":{"line":123,"column":null}},"61":{"start":{"line":121,"column":6},"end":{"line":121,"column":null}},"62":{"start":{"line":121,"column":18},"end":{"line":121,"column":null}},"63":{"start":{"line":122,"column":6},"end":{"line":122,"column":null}},"64":{"start":{"line":124,"column":4},"end":{"line":124,"column":null}},"65":{"start":{"line":127,"column":14},"end":{"line":127,"column":null}},"66":{"start":{"line":128,"column":17},"end":{"line":128,"column":null}},"67":{"start":{"line":129,"column":19},"end":{"line":129,"column":null}},"68":{"start":{"line":131,"column":27},"end":{"line":133,"column":null}},"69":{"start":{"line":132,"column":4},"end":{"line":132,"column":null}},"70":{"start":{"line":135,"column":30},"end":{"line":138,"column":null}},"71":{"start":{"line":136,"column":4},"end":{"line":136,"column":null}},"72":{"start":{"line":136,"column":27},"end":{"line":136,"column":null}},"73":{"start":{"line":137,"column":4},"end":{"line":137,"column":null}},"74":{"start":{"line":140,"column":23},"end":{"line":142,"column":null}},"75":{"start":{"line":141,"column":4},"end":{"line":141,"column":null}},"76":{"start":{"line":141,"column":53},"end":{"line":141,"column":65}},"77":{"start":{"line":144,"column":2},"end":{"line":406,"column":null}},"78":{"start":{"line":220,"column":24},"end":{"line":226,"column":null}},"79":{"start":{"line":339,"column":39},"end":{"line":339,"column":null}},"80":{"start":{"line":346,"column":26},"end":{"line":354,"column":null}},"81":{"start":{"line":350,"column":45},"end":{"line":350,"column":null}},"82":{"start":{"line":369,"column":24},"end":{"line":377,"column":null}},"83":{"start":{"line":373,"column":41},"end":{"line":373,"column":null}}},"fnMap":{"0":{"name":"DashboardPage","decl":{"start":{"line":23,"column":24},"end":{"line":23,"column":40}},"loc":{"start":{"line":23,"column":40},"end":{"line":408,"column":null}},"line":23},"1":{"name":"(anonymous_1)","decl":{"start":{"line":46,"column":29},"end":{"line":46,"column":35}},"loc":{"start":{"line":46,"column":35},"end":{"line":54,"column":5}},"line":46},"2":{"name":"(anonymous_2)","decl":{"start":{"line":57,"column":29},"end":{"line":57,"column":35}},"loc":{"start":{"line":57,"column":35},"end":{"line":65,"column":5}},"line":57},"3":{"name":"(anonymous_3)","decl":{"start":{"line":68,"column":30},"end":{"line":68,"column":36}},"loc":{"start":{"line":68,"column":36},"end":{"line":74,"column":5}},"line":68},"4":{"name":"(anonymous_4)","decl":{"start":{"line":72,"column":14},"end":{"line":72,"column":15}},"loc":{"start":{"line":72,"column":21},"end":{"line":72,"column":69}},"line":72},"5":{"name":"(anonymous_5)","decl":{"start":{"line":76,"column":20},"end":{"line":76,"column":21}},"loc":{"start":{"line":76,"column":31},"end":{"line":83,"column":null}},"line":76},"6":{"name":"(anonymous_6)","decl":{"start":{"line":86,"column":34},"end":{"line":86,"column":40}},"loc":{"start":{"line":86,"column":40},"end":{"line":100,"column":5}},"line":86},"7":{"name":"(anonymous_7)","decl":{"start":{"line":91,"column":28},"end":{"line":91,"column":29}},"loc":{"start":{"line":91,"column":35},"end":{"line":91,"column":57}},"line":91},"8":{"name":"(anonymous_8)","decl":{"start":{"line":93,"column":25},"end":{"line":93,"column":26}},"loc":{"start":{"line":94,"column":8},"end":{"line":94,"column":null}},"line":94},"9":{"name":"(anonymous_9)","decl":{"start":{"line":103,"column":31},"end":{"line":103,"column":37}},"loc":{"start":{"line":103,"column":37},"end":{"line":114,"column":5}},"line":103},"10":{"name":"(anonymous_10)","decl":{"start":{"line":117,"column":28},"end":{"line":117,"column":34}},"loc":{"start":{"line":117,"column":34},"end":{"line":125,"column":5}},"line":117},"11":{"name":"(anonymous_11)","decl":{"start":{"line":131,"column":27},"end":{"line":131,"column":28}},"loc":{"start":{"line":131,"column":34},"end":{"line":133,"column":null}},"line":131},"12":{"name":"(anonymous_12)","decl":{"start":{"line":135,"column":30},"end":{"line":135,"column":31}},"loc":{"start":{"line":135,"column":37},"end":{"line":138,"column":null}},"line":135},"13":{"name":"(anonymous_13)","decl":{"start":{"line":140,"column":23},"end":{"line":140,"column":24}},"loc":{"start":{"line":140,"column":35},"end":{"line":142,"column":null}},"line":140},"14":{"name":"(anonymous_14)","decl":{"start":{"line":141,"column":46},"end":{"line":141,"column":47}},"loc":{"start":{"line":141,"column":53},"end":{"line":141,"column":65}},"line":141},"15":{"name":"(anonymous_15)","decl":{"start":{"line":219,"column":37},"end":{"line":219,"column":38}},"loc":{"start":{"line":220,"column":24},"end":{"line":226,"column":null}},"line":220},"16":{"name":"(anonymous_16)","decl":{"start":{"line":339,"column":32},"end":{"line":339,"column":33}},"loc":{"start":{"line":339,"column":39},"end":{"line":339,"column":null}},"line":339},"17":{"name":"(anonymous_17)","decl":{"start":{"line":345,"column":41},"end":{"line":345,"column":42}},"loc":{"start":{"line":346,"column":26},"end":{"line":354,"column":null}},"line":346},"18":{"name":"(anonymous_18)","decl":{"start":{"line":350,"column":39},"end":{"line":350,"column":45}},"loc":{"start":{"line":350,"column":45},"end":{"line":350,"column":null}},"line":350},"19":{"name":"(anonymous_19)","decl":{"start":{"line":368,"column":43},"end":{"line":368,"column":44}},"loc":{"start":{"line":369,"column":24},"end":{"line":377,"column":null}},"line":369},"20":{"name":"(anonymous_20)","decl":{"start":{"line":373,"column":35},"end":{"line":373,"column":41}},"loc":{"start":{"line":373,"column":41},"end":{"line":373,"column":null}},"line":373}},"branchMap":{"0":{"loc":{"start":{"line":48,"column":17},"end":{"line":48,"column":null}},"type":"cond-expr","locations":[{"start":{"line":48,"column":42},"end":{"line":48,"column":52}},{"start":{"line":48,"column":52},"end":{"line":48,"column":null}}],"line":48},"1":{"loc":{"start":{"line":50,"column":6},"end":{"line":50,"column":null}},"type":"if","locations":[{"start":{"line":50,"column":6},"end":{"line":50,"column":null}},{"start":{},"end":{}}],"line":50},"2":{"loc":{"start":{"line":58,"column":17},"end":{"line":58,"column":null}},"type":"cond-expr","locations":[{"start":{"line":58,"column":42},"end":{"line":58,"column":52}},{"start":{"line":58,"column":52},"end":{"line":58,"column":null}}],"line":58},"3":{"loc":{"start":{"line":61,"column":6},"end":{"line":61,"column":null}},"type":"if","locations":[{"start":{"line":61,"column":6},"end":{"line":61,"column":null}},{"start":{},"end":{}}],"line":61},"4":{"loc":{"start":{"line":70,"column":4},"end":{"line":70,"column":null}},"type":"if","locations":[{"start":{"line":70,"column":4},"end":{"line":70,"column":null}},{"start":{},"end":{}}],"line":70},"5":{"loc":{"start":{"line":72,"column":21},"end":{"line":72,"column":69}},"type":"binary-expr","locations":[{"start":{"line":72,"column":21},"end":{"line":72,"column":41}},{"start":{"line":72,"column":41},"end":{"line":72,"column":69}}],"line":72},"6":{"loc":{"start":{"line":78,"column":4},"end":{"line":78,"column":null}},"type":"if","locations":[{"start":{"line":78,"column":4},"end":{"line":78,"column":null}},{"start":{},"end":{}}],"line":78},"7":{"loc":{"start":{"line":79,"column":4},"end":{"line":79,"column":null}},"type":"if","locations":[{"start":{"line":79,"column":4},"end":{"line":79,"column":null}},{"start":{},"end":{}}],"line":79},"8":{"loc":{"start":{"line":80,"column":4},"end":{"line":80,"column":null}},"type":"if","locations":[{"start":{"line":80,"column":4},"end":{"line":80,"column":null}},{"start":{},"end":{}}],"line":80},"9":{"loc":{"start":{"line":87,"column":17},"end":{"line":87,"column":null}},"type":"cond-expr","locations":[{"start":{"line":87,"column":42},"end":{"line":87,"column":52}},{"start":{"line":87,"column":52},"end":{"line":87,"column":null}}],"line":87},"10":{"loc":{"start":{"line":89,"column":4},"end":{"line":96,"column":null}},"type":"if","locations":[{"start":{"line":89,"column":4},"end":{"line":96,"column":null}},{"start":{},"end":{}}],"line":89},"11":{"loc":{"start":{"line":89,"column":8},"end":{"line":89,"column":63}},"type":"binary-expr","locations":[{"start":{"line":89,"column":8},"end":{"line":89,"column":35}},{"start":{"line":89,"column":35},"end":{"line":89,"column":63}}],"line":89},"12":{"loc":{"start":{"line":107,"column":23},"end":{"line":107,"column":null}},"type":"binary-expr","locations":[{"start":{"line":107,"column":23},"end":{"line":107,"column":40}},{"start":{"line":107,"column":40},"end":{"line":107,"column":null}}],"line":107},"13":{"loc":{"start":{"line":108,"column":6},"end":{"line":110,"column":null}},"type":"if","locations":[{"start":{"line":108,"column":6},"end":{"line":110,"column":null}},{"start":{},"end":{}}],"line":108},"14":{"loc":{"start":{"line":108,"column":10},"end":{"line":108,"column":45}},"type":"binary-expr","locations":[{"start":{"line":108,"column":10},"end":{"line":108,"column":19}},{"start":{"line":108,"column":19},"end":{"line":108,"column":45}}],"line":108},"15":{"loc":{"start":{"line":112,"column":4},"end":{"line":112,"column":null}},"type":"if","locations":[{"start":{"line":112,"column":4},"end":{"line":112,"column":null}},{"start":{},"end":{}}],"line":112},"16":{"loc":{"start":{"line":112,"column":8},"end":{"line":112,"column":35}},"type":"binary-expr","locations":[{"start":{"line":112,"column":8},"end":{"line":112,"column":16}},{"start":{"line":112,"column":16},"end":{"line":112,"column":35}}],"line":112},"17":{"loc":{"start":{"line":119,"column":17},"end":{"line":119,"column":null}},"type":"cond-expr","locations":[{"start":{"line":119,"column":46},"end":{"line":119,"column":60}},{"start":{"line":119,"column":60},"end":{"line":119,"column":null}}],"line":119},"18":{"loc":{"start":{"line":121,"column":6},"end":{"line":121,"column":null}},"type":"if","locations":[{"start":{"line":121,"column":6},"end":{"line":121,"column":null}},{"start":{},"end":{}}],"line":121},"19":{"loc":{"start":{"line":136,"column":4},"end":{"line":136,"column":null}},"type":"if","locations":[{"start":{"line":136,"column":4},"end":{"line":136,"column":null}},{"start":{},"end":{}}],"line":136},"20":{"loc":{"start":{"line":147,"column":42},"end":{"line":147,"column":81}},"type":"cond-expr","locations":[{"start":{"line":147,"column":67},"end":{"line":147,"column":77}},{"start":{"line":147,"column":77},"end":{"line":147,"column":81}}],"line":147},"21":{"loc":{"start":{"line":165,"column":15},"end":{"line":192,"column":null}},"type":"cond-expr","locations":[{"start":{"line":166,"column":16},"end":{"line":166,"column":null}},{"start":{"line":167,"column":18},"end":{"line":192,"column":null}}],"line":165},"22":{"loc":{"start":{"line":167,"column":18},"end":{"line":192,"column":null}},"type":"cond-expr","locations":[{"start":{"line":168,"column":16},"end":{"line":183,"column":null}},{"start":{"line":185,"column":16},"end":{"line":192,"column":null}}],"line":167},"23":{"loc":{"start":{"line":202,"column":15},"end":{"line":245,"column":null}},"type":"cond-expr","locations":[{"start":{"line":203,"column":16},"end":{"line":203,"column":null}},{"start":{"line":204,"column":18},"end":{"line":245,"column":null}}],"line":202},"24":{"loc":{"start":{"line":204,"column":18},"end":{"line":245,"column":null}},"type":"cond-expr","locations":[{"start":{"line":205,"column":16},"end":{"line":208,"column":null}},{"start":{"line":210,"column":16},"end":{"line":245,"column":null}}],"line":204},"25":{"loc":{"start":{"line":223,"column":29},"end":{"line":223,"column":77}},"type":"cond-expr","locations":[{"start":{"line":223,"column":49},"end":{"line":223,"column":72}},{"start":{"line":223,"column":72},"end":{"line":223,"column":77}}],"line":223},"26":{"loc":{"start":{"line":224,"column":29},"end":{"line":224,"column":null}},"type":"binary-expr","locations":[{"start":{"line":224,"column":29},"end":{"line":224,"column":45}},{"start":{"line":224,"column":45},"end":{"line":224,"column":null}}],"line":224},"27":{"loc":{"start":{"line":239,"column":19},"end":{"line":243,"column":null}},"type":"binary-expr","locations":[{"start":{"line":239,"column":19},"end":{"line":239,"column":null}},{"start":{"line":240,"column":20},"end":{"line":243,"column":null}}],"line":239},"28":{"loc":{"start":{"line":256,"column":15},"end":{"line":299,"column":null}},"type":"cond-expr","locations":[{"start":{"line":257,"column":16},"end":{"line":257,"column":null}},{"start":{"line":259,"column":16},"end":{"line":299,"column":null}}],"line":256},"29":{"loc":{"start":{"line":264,"column":25},"end":{"line":264,"column":null}},"type":"cond-expr","locations":[{"start":{"line":264,"column":47},"end":{"line":264,"column":71}},{"start":{"line":264,"column":71},"end":{"line":264,"column":null}}],"line":264},"30":{"loc":{"start":{"line":267,"column":25},"end":{"line":267,"column":null}},"type":"binary-expr","locations":[{"start":{"line":267,"column":25},"end":{"line":267,"column":45}},{"start":{"line":267,"column":45},"end":{"line":267,"column":null}}],"line":267},"31":{"loc":{"start":{"line":274,"column":25},"end":{"line":274,"column":null}},"type":"cond-expr","locations":[{"start":{"line":274,"column":50},"end":{"line":274,"column":83}},{"start":{"line":274,"column":83},"end":{"line":274,"column":null}}],"line":274},"32":{"loc":{"start":{"line":277,"column":25},"end":{"line":277,"column":null}},"type":"binary-expr","locations":[{"start":{"line":277,"column":25},"end":{"line":277,"column":48}},{"start":{"line":277,"column":48},"end":{"line":277,"column":null}}],"line":277},"33":{"loc":{"start":{"line":284,"column":25},"end":{"line":284,"column":null}},"type":"cond-expr","locations":[{"start":{"line":284,"column":52},"end":{"line":284,"column":81}},{"start":{"line":284,"column":81},"end":{"line":284,"column":null}}],"line":284},"34":{"loc":{"start":{"line":287,"column":25},"end":{"line":287,"column":null}},"type":"binary-expr","locations":[{"start":{"line":287,"column":25},"end":{"line":287,"column":50}},{"start":{"line":287,"column":50},"end":{"line":287,"column":null}}],"line":287},"35":{"loc":{"start":{"line":331,"column":15},"end":{"line":381,"column":null}},"type":"binary-expr","locations":[{"start":{"line":331,"column":15},"end":{"line":331,"column":null}},{"start":{"line":332,"column":16},"end":{"line":381,"column":null}}],"line":331},"36":{"loc":{"start":{"line":343,"column":21},"end":{"line":356,"column":null}},"type":"binary-expr","locations":[{"start":{"line":343,"column":21},"end":{"line":343,"column":null}},{"start":{"line":344,"column":22},"end":{"line":356,"column":null}}],"line":343},"37":{"loc":{"start":{"line":362,"column":23},"end":{"line":362,"column":null}},"type":"cond-expr","locations":[{"start":{"line":362,"column":47},"end":{"line":362,"column":55}},{"start":{"line":362,"column":55},"end":{"line":362,"column":null}}],"line":362},"38":{"loc":{"start":{"line":366,"column":19},"end":{"line":379,"column":null}},"type":"binary-expr","locations":[{"start":{"line":366,"column":19},"end":{"line":366,"column":null}},{"start":{"line":367,"column":20},"end":{"line":379,"column":null}}],"line":366},"39":{"loc":{"start":{"line":391,"column":15},"end":{"line":394,"column":null}},"type":"binary-expr","locations":[{"start":{"line":391,"column":15},"end":{"line":391,"column":null}},{"start":{"line":392,"column":16},"end":{"line":394,"column":null}}],"line":391},"40":{"loc":{"start":{"line":393,"column":36},"end":{"line":393,"column":null}},"type":"binary-expr","locations":[{"start":{"line":393,"column":36},"end":{"line":393,"column":62}},{"start":{"line":393,"column":62},"end":{"line":393,"column":null}}],"line":393},"41":{"loc":{"start":{"line":400,"column":9},"end":{"line":403,"column":null}},"type":"binary-expr","locations":[{"start":{"line":400,"column":9},"end":{"line":400,"column":null}},{"start":{"line":401,"column":10},"end":{"line":403,"column":null}}],"line":400}},"s":{"0":1,"1":6,"2":6,"3":6,"4":6,"5":6,"6":6,"7":6,"8":3,"9":3,"10":3,"11":5,"12":0,"13":5,"14":3,"15":6,"16":3,"17":3,"18":3,"19":5,"20":0,"21":5,"22":3,"23":6,"24":5,"25":5,"26":4,"27":1,"28":2,"29":6,"30":1,"31":1,"32":0,"33":1,"34":0,"35":1,"36":0,"37":1,"38":1,"39":6,"40":5,"41":5,"42":1,"43":1,"44":1,"45":2,"46":4,"47":6,"48":3,"49":3,"50":15,"51":15,"52":15,"53":3,"54":3,"55":1,"56":2,"57":6,"58":3,"59":3,"60":3,"61":3,"62":0,"63":3,"64":3,"65":6,"66":6,"67":6,"68":6,"69":1,"70":6,"71":1,"72":0,"73":1,"74":6,"75":0,"76":0,"77":6,"78":2,"79":1,"80":1,"81":0,"82":1,"83":0},"f":{"0":6,"1":3,"2":3,"3":5,"4":2,"5":1,"6":5,"7":1,"8":2,"9":3,"10":3,"11":1,"12":1,"13":0,"14":0,"15":2,"16":1,"17":1,"18":0,"19":1,"20":0},"b":{"0":[3,0],"1":[0,5],"2":[3,0],"3":[0,5],"4":[4,1],"5":[2,1],"6":[0,1],"7":[0,1],"8":[0,1],"9":[5,0],"10":[1,4],"11":[5,2],"12":[15,13],"13":[3,12],"14":[15,12],"15":[1,2],"16":[3,3],"17":[3,0],"18":[0,3],"19":[0,1],"20":[6,0],"21":[1,5],"22":[1,4],"23":[1,5],"24":[4,1],"25":[2,0],"26":[2,0],"27":[1,1],"28":[1,5],"29":[1,4],"30":[5,4],"31":[1,4],"32":[5,4],"33":[1,4],"34":[5,4],"35":[6,3],"36":[3,1],"37":[0,3],"38":[3,1],"39":[6,5],"40":[5,0],"41":[6,5]},"meta":{"lastBranch":42,"lastFunction":21,"lastStatement":84,"seen":{"s:12:20:21:Infinity":0,"f:23:24:23:40":0,"s:25:33:25:Infinity":1,"s:32:2:32:Infinity":2,"s:38:2:38:Infinity":3,"s:41:34:41:Infinity":4,"s:42:34:42:Infinity":5,"s:43:44:43:Infinity":6,"s:46:8:54:Infinity":7,"f:46:29:46:35":1,"s:47:16:47:Infinity":8,"s:48:17:48:Infinity":9,"b:48:42:48:52:48:52:48:Infinity":0,"s:49:4:52:Infinity":10,"b:50:6:50:Infinity:undefined:undefined:undefined:undefined":1,"s:50:6:50:Infinity":11,"s:50:25:50:Infinity":12,"s:51:6:51:Infinity":13,"s:53:4:53:Infinity":14,"s:57:8:65:Infinity":15,"f:57:29:57:35":2,"s:58:17:58:Infinity":16,"b:58:42:58:52:58:52:58:Infinity":2,"s:59:16:59:Infinity":17,"s:60:4:63:Infinity":18,"b:61:6:61:Infinity:undefined:undefined:undefined:undefined":3,"s:61:6:61:Infinity":19,"s:61:25:61:Infinity":20,"s:62:6:62:Infinity":21,"s:64:4:64:Infinity":22,"s:68:8:74:Infinity":23,"f:68:30:68:36":3,"s:69:17:69:Infinity":24,"b:70:4:70:Infinity:undefined:undefined:undefined:undefined":4,"s:70:4:70:Infinity":25,"s:70:15:70:Infinity":26,"s:71:4:73:Infinity":27,"f:72:14:72:15":4,"s:72:21:72:69":28,"b:72:21:72:41:72:41:72:69":5,"s:76:20:83:Infinity":29,"f:76:20:76:21":5,"s:77:19:77:Infinity":30,"b:78:4:78:Infinity:undefined:undefined:undefined:undefined":6,"s:78:4:78:Infinity":31,"s:78:17:78:Infinity":32,"b:79:4:79:Infinity:undefined:undefined:undefined:undefined":7,"s:79:4:79:Infinity":33,"s:79:38:79:Infinity":34,"b:80:4:80:Infinity:undefined:undefined:undefined:undefined":8,"s:80:4:80:Infinity":35,"s:80:42:80:Infinity":36,"s:81:4:81:Infinity":37,"s:82:4:82:Infinity":38,"s:86:8:100:Infinity":39,"f:86:34:86:40":6,"s:87:17:87:Infinity":40,"b:87:42:87:52:87:52:87:Infinity":9,"b:89:4:96:Infinity:undefined:undefined:undefined:undefined":10,"s:89:4:96:Infinity":41,"b:89:8:89:35:89:35:89:63":11,"s:90:26:92:Infinity":42,"f:91:28:91:29":7,"s:91:35:91:57":43,"s:93:6:95:Infinity":44,"f:93:25:93:26":8,"s:94:8:94:Infinity":45,"s:99:4:99:Infinity":46,"s:103:8:114:Infinity":47,"f:103:31:103:37":9,"s:104:15:104:Infinity":48,"s:105:4:111:Infinity":49,"s:106:16:106:Infinity":50,"s:107:23:107:Infinity":51,"b:107:23:107:40:107:40:107:Infinity":12,"b:108:6:110:Infinity:undefined:undefined:undefined:undefined":13,"s:108:6:110:Infinity":52,"b:108:10:108:19:108:19:108:45":14,"s:109:8:109:Infinity":53,"b:112:4:112:Infinity:undefined:undefined:undefined:undefined":15,"s:112:4:112:Infinity":54,"b:112:8:112:16:112:16:112:35":16,"s:112:35:112:Infinity":55,"s:113:4:113:Infinity":56,"s:117:8:125:Infinity":57,"f:117:28:117:34":10,"s:118:16:118:Infinity":58,"s:119:17:119:Infinity":59,"b:119:46:119:60:119:60:119:Infinity":17,"s:120:4:123:Infinity":60,"b:121:6:121:Infinity:undefined:undefined:undefined:undefined":18,"s:121:6:121:Infinity":61,"s:121:18:121:Infinity":62,"s:122:6:122:Infinity":63,"s:124:4:124:Infinity":64,"s:127:14:127:Infinity":65,"s:128:17:128:Infinity":66,"s:129:19:129:Infinity":67,"s:131:27:133:Infinity":68,"f:131:27:131:28":11,"s:132:4:132:Infinity":69,"s:135:30:138:Infinity":70,"f:135:30:135:31":12,"b:136:4:136:Infinity:undefined:undefined:undefined:undefined":19,"s:136:4:136:Infinity":71,"s:136:27:136:Infinity":72,"s:137:4:137:Infinity":73,"s:140:23:142:Infinity":74,"f:140:23:140:24":13,"s:141:4:141:Infinity":75,"f:141:46:141:47":14,"s:141:53:141:65":76,"s:144:2:406:Infinity":77,"b:147:67:147:77:147:77:147:81":20,"b:166:16:166:Infinity:167:18:192:Infinity":21,"b:168:16:183:Infinity:185:16:192:Infinity":22,"b:203:16:203:Infinity:204:18:245:Infinity":23,"b:205:16:208:Infinity:210:16:245:Infinity":24,"f:219:37:219:38":15,"s:220:24:226:Infinity":78,"b:223:49:223:72:223:72:223:77":25,"b:224:29:224:45:224:45:224:Infinity":26,"b:239:19:239:Infinity:240:20:243:Infinity":27,"b:257:16:257:Infinity:259:16:299:Infinity":28,"b:264:47:264:71:264:71:264:Infinity":29,"b:267:25:267:45:267:45:267:Infinity":30,"b:274:50:274:83:274:83:274:Infinity":31,"b:277:25:277:48:277:48:277:Infinity":32,"b:284:52:284:81:284:81:284:Infinity":33,"b:287:25:287:50:287:50:287:Infinity":34,"b:331:15:331:Infinity:332:16:381:Infinity":35,"f:339:32:339:33":16,"s:339:39:339:Infinity":79,"b:343:21:343:Infinity:344:22:356:Infinity":36,"f:345:41:345:42":17,"s:346:26:354:Infinity":80,"f:350:39:350:45":18,"s:350:45:350:Infinity":81,"b:362:47:362:55:362:55:362:Infinity":37,"b:366:19:366:Infinity:367:20:379:Infinity":38,"f:368:43:368:44":19,"s:369:24:377:Infinity":82,"f:373:35:373:41":20,"s:373:41:373:Infinity":83,"b:391:15:391:Infinity:392:16:394:Infinity":39,"b:393:36:393:62:393:62:393:Infinity":40,"b:400:9:400:Infinity:401:10:403:Infinity":41}}}
,"/workspaces/u-stock/src/components/dashboard/StatSummary.jsx": {"path":"/workspaces/u-stock/src/components/dashboard/StatSummary.jsx","statementMap":{"0":{"start":{"line":5,"column":15},"end":{"line":5,"column":null}},"1":{"start":{"line":6,"column":24},"end":{"line":6,"column":null}},"2":{"start":{"line":6,"column":51},"end":{"line":6,"column":76}},"3":{"start":{"line":7,"column":20},"end":{"line":7,"column":null}},"4":{"start":{"line":8,"column":25},"end":{"line":8,"column":null}},"5":{"start":{"line":10,"column":2},"end":{"line":34,"column":null}}},"fnMap":{"0":{"name":"StatSummary","decl":{"start":{"line":4,"column":24},"end":{"line":4,"column":36}},"loc":{"start":{"line":4,"column":55},"end":{"line":36,"column":null}},"line":4},"1":{"name":"(anonymous_1)","decl":{"start":{"line":6,"column":36},"end":{"line":6,"column":37}},"loc":{"start":{"line":6,"column":51},"end":{"line":6,"column":76}},"line":6}},"branchMap":{"0":{"loc":{"start":{"line":5,"column":15},"end":{"line":5,"column":null}},"type":"cond-expr","locations":[{"start":{"line":5,"column":40},"end":{"line":5,"column":50}},{"start":{"line":5,"column":50},"end":{"line":5,"column":null}}],"line":5},"1":{"loc":{"start":{"line":6,"column":58},"end":{"line":6,"column":76}},"type":"binary-expr","locations":[{"start":{"line":6,"column":58},"end":{"line":6,"column":72}},{"start":{"line":6,"column":72},"end":{"line":6,"column":76}}],"line":6},"2":{"loc":{"start":{"line":7,"column":20},"end":{"line":7,"column":null}},"type":"binary-expr","locations":[{"start":{"line":7,"column":20},"end":{"line":7,"column":39}},{"start":{"line":7,"column":39},"end":{"line":7,"column":null}}],"line":7},"3":{"loc":{"start":{"line":8,"column":25},"end":{"line":8,"column":null}},"type":"binary-expr","locations":[{"start":{"line":8,"column":25},"end":{"line":8,"column":43}},{"start":{"line":8,"column":43},"end":{"line":8,"column":null}}],"line":8},"4":{"loc":{"start":{"line":22,"column":11},"end":{"line":24,"column":null}},"type":"cond-expr","locations":[{"start":{"line":23,"column":14},"end":{"line":23,"column":null}},{"start":{"line":24,"column":14},"end":{"line":24,"column":null}}],"line":22},"5":{"loc":{"start":{"line":30,"column":37},"end":{"line":30,"column":67}},"type":"binary-expr","locations":[{"start":{"line":30,"column":37},"end":{"line":30,"column":65}},{"start":{"line":30,"column":65},"end":{"line":30,"column":67}}],"line":30}},"s":{"0":3,"1":3,"2":3,"3":3,"4":3,"5":3},"f":{"0":3,"1":3},"b":{"0":[3,0],"1":[3,0],"2":[3,2],"3":[3,2],"4":[1,2],"5":[3,1]},"meta":{"lastBranch":6,"lastFunction":2,"lastStatement":6,"seen":{"f:4:24:4:36":0,"s:5:15:5:Infinity":0,"b:5:40:5:50:5:50:5:Infinity":0,"s:6:24:6:Infinity":1,"f:6:36:6:37":1,"s:6:51:6:76":2,"b:6:58:6:72:6:72:6:76":1,"s:7:20:7:Infinity":3,"b:7:20:7:39:7:39:7:Infinity":2,"s:8:25:8:Infinity":4,"b:8:25:8:43:8:43:8:Infinity":3,"s:10:2:34:Infinity":5,"b:23:14:23:Infinity:24:14:24:Infinity":4,"b:30:37:30:65:30:65:30:67":5}}}
,"/workspaces/u-stock/src/lib/redditMentions.js": {"path":"/workspaces/u-stock/src/lib/redditMentions.js","statementMap":{"0":{"start":{"line":4,"column":28},"end":{"line":4,"column":45}},"1":{"start":{"line":13,"column":2},"end":{"line":13,"column":null}},"2":{"start":{"line":13,"column":13},"end":{"line":13,"column":null}},"3":{"start":{"line":15,"column":16},"end":{"line":15,"column":25}},"4":{"start":{"line":18,"column":18},"end":{"line":18,"column":48}},"5":{"start":{"line":19,"column":2},"end":{"line":22,"column":null}},"6":{"start":{"line":20,"column":19},"end":{"line":20,"column":43}},"7":{"start":{"line":21,"column":4},"end":{"line":21,"column":null}},"8":{"start":{"line":25,"column":2},"end":{"line":37,"column":null}},"9":{"start":{"line":26,"column":22},"end":{"line":26,"column":40}},"10":{"start":{"line":28,"column":4},"end":{"line":36,"column":null}},"11":{"start":{"line":29,"column":26},"end":{"line":29,"column":46}},"12":{"start":{"line":32,"column":22},"end":{"line":32,"column":61}},"13":{"start":{"line":33,"column":6},"end":{"line":35,"column":null}},"14":{"start":{"line":34,"column":8},"end":{"line":34,"column":null}},"15":{"start":{"line":39,"column":2},"end":{"line":39,"column":null}},"16":{"start":{"line":50,"column":34},"end":{"line":50,"column":41}},"17":{"start":{"line":51,"column":17},"end":{"line":51,"column":19}},"18":{"start":{"line":53,"column":2},"end":{"line":69,"column":null}},"19":{"start":{"line":54,"column":24},"end":{"line":54,"column":51}},"20":{"start":{"line":56,"column":4},"end":{"line":68,"column":null}},"21":{"start":{"line":57,"column":22},"end":{"line":57,"column":50}},"22":{"start":{"line":59,"column":6},"end":{"line":67,"column":null}},"23":{"start":{"line":60,"column":22},"end":{"line":60,"column":37}},"24":{"start":{"line":62,"column":8},"end":{"line":64,"column":null}},"25":{"start":{"line":63,"column":10},"end":{"line":63,"column":null}},"26":{"start":{"line":66,"column":8},"end":{"line":66,"column":null}},"27":{"start":{"line":71,"column":2},"end":{"line":71,"column":null}},"28":{"start":{"line":78,"column":2},"end":{"line":80,"column":null}},"29":{"start":{"line":79,"column":31},"end":{"line":79,"column":48}},"30":{"start":{"line":80,"column":20},"end":{"line":80,"column":37}}},"fnMap":{"0":{"name":"extractTickersFromText","decl":{"start":{"line":12,"column":16},"end":{"line":12,"column":38}},"loc":{"start":{"line":12,"column":45},"end":{"line":40,"column":null}},"line":12},"1":{"name":"tallyTickerMentions","decl":{"start":{"line":49,"column":16},"end":{"line":49,"column":35}},"loc":{"start":{"line":49,"column":57},"end":{"line":72,"column":null}},"line":49},"2":{"name":"sortTickerCounts","decl":{"start":{"line":77,"column":16},"end":{"line":77,"column":32}},"loc":{"start":{"line":77,"column":41},"end":{"line":81,"column":null}},"line":77},"3":{"name":"(anonymous_3)","decl":{"start":{"line":79,"column":9},"end":{"line":79,"column":10}},"loc":{"start":{"line":79,"column":31},"end":{"line":79,"column":48}},"line":79},"4":{"name":"(anonymous_4)","decl":{"start":{"line":80,"column":10},"end":{"line":80,"column":11}},"loc":{"start":{"line":80,"column":20},"end":{"line":80,"column":37}},"line":80}},"branchMap":{"0":{"loc":{"start":{"line":13,"column":2},"end":{"line":13,"column":null}},"type":"if","locations":[{"start":{"line":13,"column":2},"end":{"line":13,"column":null}},{"start":{},"end":{}}],"line":13},"1":{"loc":{"start":{"line":18,"column":18},"end":{"line":18,"column":48}},"type":"binary-expr","locations":[{"start":{"line":18,"column":18},"end":{"line":18,"column":42}},{"start":{"line":18,"column":46},"end":{"line":18,"column":48}}],"line":18},"2":{"loc":{"start":{"line":25,"column":2},"end":{"line":37,"column":null}},"type":"if","locations":[{"start":{"line":25,"column":2},"end":{"line":37,"column":null}},{"start":{},"end":{}}],"line":25},"3":{"loc":{"start":{"line":25,"column":6},"end":{"line":25,"column":51}},"type":"binary-expr","locations":[{"start":{"line":25,"column":6},"end":{"line":25,"column":21}},{"start":{"line":25,"column":25},"end":{"line":25,"column":51}}],"line":25},"4":{"loc":{"start":{"line":33,"column":6},"end":{"line":35,"column":null}},"type":"if","locations":[{"start":{"line":33,"column":6},"end":{"line":35,"column":null}},{"start":{},"end":{}}],"line":33},"5":{"loc":{"start":{"line":49,"column":43},"end":{"line":49,"column":55}},"type":"default-arg","locations":[{"start":{"line":49,"column":53},"end":{"line":49,"column":55}}],"line":49},"6":{"loc":{"start":{"line":50,"column":10},"end":{"line":50,"column":29}},"type":"default-arg","locations":[{"start":{"line":50,"column":24},"end":{"line":50,"column":29}}],"line":50},"7":{"loc":{"start":{"line":62,"column":8},"end":{"line":64,"column":null}},"type":"if","locations":[{"start":{"line":62,"column":8},"end":{"line":64,"column":null}},{"start":{},"end":{}}],"line":62},"8":{"loc":{"start":{"line":62,"column":12},"end":{"line":62,"column":59}},"type":"binary-expr","locations":[{"start":{"line":62,"column":12},"end":{"line":62,"column":23}},{"start":{"line":62,"column":27},"end":{"line":62,"column":59}}],"line":62},"9":{"loc":{"start":{"line":66,"column":25},"end":{"line":66,"column":43}},"type":"binary-expr","locations":[{"start":{"line":66,"column":25},"end":{"line":66,"column":38}},{"start":{"line":66,"column":42},"end":{"line":66,"column":43}}],"line":66}},"s":{"0":1,"1":15,"2":3,"3":12,"4":12,"5":15,"6":9,"7":9,"8":12,"9":12,"10":12,"11":36,"12":36,"13":36,"14":17,"15":12,"16":3,"17":3,"18":3,"19":4,"20":4,"21":8,"22":8,"23":11,"24":11,"25":0,"26":11,"27":3,"28":2,"29":3,"30":3},"f":{"0":15,"1":3,"2":2,"3":3,"4":3},"b":{"0":[3,12],"1":[12,6],"2":[12,0],"3":[12,12],"4":[17,19],"5":[3],"6":[3],"7":[0,11],"8":[11,2],"9":[11,5]},"meta":{"lastBranch":10,"lastFunction":5,"lastStatement":31,"seen":{"s:4:28:4:45":0,"f:12:16:12:38":0,"b:13:2:13:Infinity:undefined:undefined:undefined:undefined":0,"s:13:2:13:Infinity":1,"s:13:13:13:Infinity":2,"s:15:16:15:25":3,"s:18:18:18:48":4,"b:18:18:18:42:18:46:18:48":1,"s:19:2:22:Infinity":5,"s:20:19:20:43":6,"s:21:4:21:Infinity":7,"b:25:2:37:Infinity:undefined:undefined:undefined:undefined":2,"s:25:2:37:Infinity":8,"b:25:6:25:21:25:25:25:51":3,"s:26:22:26:40":9,"s:28:4:36:Infinity":10,"s:29:26:29:46":11,"s:32:22:32:61":12,"b:33:6:35:Infinity:undefined:undefined:undefined:undefined":4,"s:33:6:35:Infinity":13,"s:34:8:34:Infinity":14,"s:39:2:39:Infinity":15,"f:49:16:49:35":1,"b:49:53:49:55":5,"s:50:34:50:41":16,"b:50:24:50:29":6,"s:51:17:51:19":17,"s:53:2:69:Infinity":18,"s:54:24:54:51":19,"s:56:4:68:Infinity":20,"s:57:22:57:50":21,"s:59:6:67:Infinity":22,"s:60:22:60:37":23,"b:62:8:64:Infinity:undefined:undefined:undefined:undefined":7,"s:62:8:64:Infinity":24,"b:62:12:62:23:62:27:62:59":8,"s:63:10:63:Infinity":25,"s:66:8:66:Infinity":26,"b:66:25:66:38:66:42:66:43":9,"s:71:2:71:Infinity":27,"f:77:16:77:32":2,"s:78:2:80:Infinity":28,"f:79:9:79:10":3,"s:79:31:79:48":29,"f:80:10:80:11":4,"s:80:20:80:37":30}}}
,"/workspaces/u-stock/src/pages/IndexFundsPage.css": {"path":"/workspaces/u-stock/src/pages/IndexFundsPage.css","statementMap":{},"fnMap":{},"branchMap":{},"s":{},"f":{},"b":{},"meta":{"lastBranch":0,"lastFunction":0,"lastStatement":0,"seen":{}}}
,"/workspaces/u-stock/src/pages/IndexFundsPage.jsx": {"path":"/workspaces/u-stock/src/pages/IndexFundsPage.jsx","statementMap":{"0":{"start":{"line":10,"column":20},"end":{"line":36,"column":null}},"1":{"start":{"line":39,"column":2},"end":{"line":39,"column":null}},"2":{"start":{"line":39,"column":21},"end":{"line":39,"column":null}},"3":{"start":{"line":40,"column":12},"end":{"line":40,"column":null}},"4":{"start":{"line":41,"column":2},"end":{"line":41,"column":null}},"5":{"start":{"line":41,"column":27},"end":{"line":41,"column":null}},"6":{"start":{"line":42,"column":2},"end":{"line":42,"column":null}},"7":{"start":{"line":42,"column":17},"end":{"line":42,"column":null}},"8":{"start":{"line":43,"column":2},"end":{"line":43,"column":null}},"9":{"start":{"line":43,"column":16},"end":{"line":43,"column":null}},"10":{"start":{"line":44,"column":2},"end":{"line":44,"column":null}},"11":{"start":{"line":44,"column":16},"end":{"line":44,"column":null}},"12":{"start":{"line":45,"column":2},"end":{"line":45,"column":null}},"13":{"start":{"line":49,"column":32},"end":{"line":49,"column":null}},"14":{"start":{"line":51,"column":33},"end":{"line":51,"column":null}},"15":{"start":{"line":55,"column":2},"end":{"line":55,"column":null}},"16":{"start":{"line":58,"column":8},"end":{"line":66,"column":null}},"17":{"start":{"line":59,"column":16},"end":{"line":59,"column":null}},"18":{"start":{"line":60,"column":17},"end":{"line":60,"column":null}},"19":{"start":{"line":61,"column":4},"end":{"line":64,"column":null}},"20":{"start":{"line":62,"column":6},"end":{"line":62,"column":null}},"21":{"start":{"line":62,"column":25},"end":{"line":62,"column":null}},"22":{"start":{"line":63,"column":6},"end":{"line":63,"column":null}},"23":{"start":{"line":65,"column":4},"end":{"line":65,"column":null}},"24":{"start":{"line":69,"column":8},"end":{"line":77,"column":null}},"25":{"start":{"line":70,"column":16},"end":{"line":70,"column":null}},"26":{"start":{"line":71,"column":17},"end":{"line":71,"column":null}},"27":{"start":{"line":72,"column":4},"end":{"line":75,"column":null}},"28":{"start":{"line":73,"column":6},"end":{"line":73,"column":null}},"29":{"start":{"line":73,"column":22},"end":{"line":73,"column":null}},"30":{"start":{"line":74,"column":6},"end":{"line":74,"column":null}},"31":{"start":{"line":76,"column":4},"end":{"line":76,"column":null}},"32":{"start":{"line":80,"column":8},"end":{"line":91,"column":null}},"33":{"start":{"line":82,"column":6},"end":{"line":89,"column":null}},"34":{"start":{"line":83,"column":26},"end":{"line":83,"column":null}},"35":{"start":{"line":84,"column":8},"end":{"line":88,"column":null}},"36":{"start":{"line":93,"column":2},"end":{"line":255,"column":null}},"37":{"start":{"line":125,"column":29},"end":{"line":125,"column":null}},"38":{"start":{"line":134,"column":29},"end":{"line":134,"column":null}},"39":{"start":{"line":211,"column":20},"end":{"line":247,"column":null}}},"fnMap":{"0":{"name":"formatMarketCap","decl":{"start":{"line":38,"column":9},"end":{"line":38,"column":25}},"loc":{"start":{"line":38,"column":32},"end":{"line":46,"column":null}},"line":38},"1":{"name":"IndexFundsPage","decl":{"start":{"line":48,"column":24},"end":{"line":48,"column":41}},"loc":{"start":{"line":48,"column":41},"end":{"line":257,"column":null}},"line":48},"2":{"name":"(anonymous_2)","decl":{"start":{"line":58,"column":29},"end":{"line":58,"column":35}},"loc":{"start":{"line":58,"column":35},"end":{"line":66,"column":5}},"line":58},"3":{"name":"(anonymous_3)","decl":{"start":{"line":69,"column":34},"end":{"line":69,"column":40}},"loc":{"start":{"line":69,"column":40},"end":{"line":77,"column":5}},"line":69},"4":{"name":"(anonymous_4)","decl":{"start":{"line":81,"column":4},"end":{"line":81,"column":null}},"loc":{"start":{"line":82,"column":6},"end":{"line":89,"column":null}},"line":82},"5":{"name":"(anonymous_5)","decl":{"start":{"line":82,"column":22},"end":{"line":82,"column":23}},"loc":{"start":{"line":82,"column":32},"end":{"line":89,"column":7}},"line":82},"6":{"name":"(anonymous_6)","decl":{"start":{"line":125,"column":23},"end":{"line":125,"column":29}},"loc":{"start":{"line":125,"column":29},"end":{"line":125,"column":null}},"line":125},"7":{"name":"(anonymous_7)","decl":{"start":{"line":134,"column":23},"end":{"line":134,"column":29}},"loc":{"start":{"line":134,"column":29},"end":{"line":134,"column":null}},"line":134},"8":{"name":"(anonymous_8)","decl":{"start":{"line":210,"column":37},"end":{"line":210,"column":38}},"loc":{"start":{"line":211,"column":20},"end":{"line":247,"column":null}},"line":211}},"branchMap":{"0":{"loc":{"start":{"line":39,"column":2},"end":{"line":39,"column":null}},"type":"if","locations":[{"start":{"line":39,"column":2},"end":{"line":39,"column":null}},{"start":{},"end":{}}],"line":39},"1":{"loc":{"start":{"line":41,"column":2},"end":{"line":41,"column":null}},"type":"if","locations":[{"start":{"line":41,"column":2},"end":{"line":41,"column":null}},{"start":{},"end":{}}],"line":41},"2":{"loc":{"start":{"line":42,"column":2},"end":{"line":42,"column":null}},"type":"if","locations":[{"start":{"line":42,"column":2},"end":{"line":42,"column":null}},{"start":{},"end":{}}],"line":42},"3":{"loc":{"start":{"line":43,"column":2},"end":{"line":43,"column":null}},"type":"if","locations":[{"start":{"line":43,"column":2},"end":{"line":43,"column":null}},{"start":{},"end":{}}],"line":43},"4":{"loc":{"start":{"line":44,"column":2},"end":{"line":44,"column":null}},"type":"if","locations":[{"start":{"line":44,"column":2},"end":{"line":44,"column":null}},{"start":{},"end":{}}],"line":44},"5":{"loc":{"start":{"line":60,"column":17},"end":{"line":60,"column":null}},"type":"cond-expr","locations":[{"start":{"line":60,"column":42},"end":{"line":60,"column":52}},{"start":{"line":60,"column":52},"end":{"line":60,"column":null}}],"line":60},"6":{"loc":{"start":{"line":62,"column":6},"end":{"line":62,"column":null}},"type":"if","locations":[{"start":{"line":62,"column":6},"end":{"line":62,"column":null}},{"start":{},"end":{}}],"line":62},"7":{"loc":{"start":{"line":71,"column":17},"end":{"line":71,"column":null}},"type":"cond-expr","locations":[{"start":{"line":71,"column":51},"end":{"line":71,"column":70}},{"start":{"line":71,"column":70},"end":{"line":71,"column":null}}],"line":71},"8":{"loc":{"start":{"line":73,"column":6},"end":{"line":73,"column":null}},"type":"if","locations":[{"start":{"line":73,"column":6},"end":{"line":73,"column":null}},{"start":{},"end":{}}],"line":73},"9":{"loc":{"start":{"line":86,"column":20},"end":{"line":86,"column":null}},"type":"binary-expr","locations":[{"start":{"line":86,"column":20},"end":{"line":86,"column":45}},{"start":{"line":86,"column":45},"end":{"line":86,"column":null}}],"line":86},"10":{"loc":{"start":{"line":87,"column":24},"end":{"line":87,"column":null}},"type":"binary-expr","locations":[{"start":{"line":87,"column":24},"end":{"line":87,"column":54}},{"start":{"line":87,"column":54},"end":{"line":87,"column":null}}],"line":87},"11":{"loc":{"start":{"line":104,"column":13},"end":{"line":108,"column":null}},"type":"binary-expr","locations":[{"start":{"line":104,"column":13},"end":{"line":104,"column":null}},{"start":{"line":105,"column":14},"end":{"line":108,"column":null}}],"line":104},"12":{"loc":{"start":{"line":107,"column":23},"end":{"line":107,"column":63}},"type":"binary-expr","locations":[{"start":{"line":107,"column":23},"end":{"line":107,"column":49}},{"start":{"line":107,"column":49},"end":{"line":107,"column":63}}],"line":107},"13":{"loc":{"start":{"line":123,"column":30},"end":{"line":123,"column":null}},"type":"cond-expr","locations":[{"start":{"line":123,"column":54},"end":{"line":123,"column":74}},{"start":{"line":123,"column":74},"end":{"line":123,"column":null}}],"line":123},"14":{"loc":{"start":{"line":132,"column":30},"end":{"line":132,"column":null}},"type":"cond-expr","locations":[{"start":{"line":132,"column":54},"end":{"line":132,"column":74}},{"start":{"line":132,"column":74},"end":{"line":132,"column":null}}],"line":132},"15":{"loc":{"start":{"line":142,"column":9},"end":{"line":252,"column":null}},"type":"cond-expr","locations":[{"start":{"line":143,"column":12},"end":{"line":196,"column":null}},{"start":{"line":198,"column":10},"end":{"line":252,"column":null}}],"line":142},"16":{"loc":{"start":{"line":199,"column":13},"end":{"line":250,"column":null}},"type":"cond-expr","locations":[{"start":{"line":200,"column":14},"end":{"line":200,"column":null}},{"start":{"line":202,"column":14},"end":{"line":250,"column":null}}],"line":199},"17":{"loc":{"start":{"line":203,"column":17},"end":{"line":206,"column":null}},"type":"binary-expr","locations":[{"start":{"line":203,"column":17},"end":{"line":203,"column":null}},{"start":{"line":204,"column":18},"end":{"line":206,"column":null}}],"line":203},"18":{"loc":{"start":{"line":231,"column":29},"end":{"line":234,"column":null}},"type":"cond-expr","locations":[{"start":{"line":233,"column":32},"end":{"line":233,"column":null}},{"start":{"line":234,"column":32},"end":{"line":234,"column":null}}],"line":231},"19":{"loc":{"start":{"line":231,"column":29},"end":{"line":232,"column":null}},"type":"binary-expr","locations":[{"start":{"line":231,"column":29},"end":{"line":231,"column":null}},{"start":{"line":232,"column":28},"end":{"line":232,"column":null}}],"line":231},"20":{"loc":{"start":{"line":241,"column":29},"end":{"line":243,"column":null}},"type":"cond-expr","locations":[{"start":{"line":242,"column":32},"end":{"line":242,"column":null}},{"start":{"line":243,"column":32},"end":{"line":243,"column":null}}],"line":241}},"s":{"0":1,"1":2,"2":0,"3":2,"4":2,"5":0,"6":2,"7":1,"8":1,"9":1,"10":0,"11":0,"12":0,"13":5,"14":5,"15":5,"16":5,"17":3,"18":3,"19":3,"20":2,"21":0,"22":2,"23":3,"24":5,"25":3,"26":3,"27":3,"28":2,"29":0,"30":2,"31":3,"32":5,"33":3,"34":15,"35":15,"36":5,"37":0,"38":2,"39":5},"f":{"0":2,"1":5,"2":3,"3":3,"4":3,"5":15,"6":0,"7":2,"8":5},"b":{"0":[0,2],"1":[0,2],"2":[1,1],"3":[1,0],"4":[0,0],"5":[3,0],"6":[0,2],"7":[3,0],"8":[0,2],"9":[15,13],"10":[15,13],"11":[5,1],"12":[1,0],"13":[3,2],"14":[2,3],"15":[3,2],"16":[1,1],"17":[1,0],"18":[2,3],"19":[5,2],"20":[2,3]},"meta":{"lastBranch":21,"lastFunction":9,"lastStatement":40,"seen":{"s:10:20:36:Infinity":0,"f:38:9:38:25":0,"b:39:2:39:Infinity:undefined:undefined:undefined:undefined":0,"s:39:2:39:Infinity":1,"s:39:21:39:Infinity":2,"s:40:12:40:Infinity":3,"b:41:2:41:Infinity:undefined:undefined:undefined:undefined":1,"s:41:2:41:Infinity":4,"s:41:27:41:Infinity":5,"b:42:2:42:Infinity:undefined:undefined:undefined:undefined":2,"s:42:2:42:Infinity":6,"s:42:17:42:Infinity":7,"b:43:2:43:Infinity:undefined:undefined:undefined:undefined":3,"s:43:2:43:Infinity":8,"s:43:16:43:Infinity":9,"b:44:2:44:Infinity:undefined:undefined:undefined:undefined":4,"s:44:2:44:Infinity":10,"s:44:16:44:Infinity":11,"s:45:2:45:Infinity":12,"f:48:24:48:41":1,"s:49:32:49:Infinity":13,"s:51:33:51:Infinity":14,"s:55:2:55:Infinity":15,"s:58:8:66:Infinity":16,"f:58:29:58:35":2,"s:59:16:59:Infinity":17,"s:60:17:60:Infinity":18,"b:60:42:60:52:60:52:60:Infinity":5,"s:61:4:64:Infinity":19,"b:62:6:62:Infinity:undefined:undefined:undefined:undefined":6,"s:62:6:62:Infinity":20,"s:62:25:62:Infinity":21,"s:63:6:63:Infinity":22,"s:65:4:65:Infinity":23,"s:69:8:77:Infinity":24,"f:69:34:69:40":3,"s:70:16:70:Infinity":25,"s:71:17:71:Infinity":26,"b:71:51:71:70:71:70:71:Infinity":7,"s:72:4:75:Infinity":27,"b:73:6:73:Infinity:undefined:undefined:undefined:undefined":8,"s:73:6:73:Infinity":28,"s:73:22:73:Infinity":29,"s:74:6:74:Infinity":30,"s:76:4:76:Infinity":31,"s:80:8:91:Infinity":32,"f:81:4:81:Infinity":4,"s:82:6:89:Infinity":33,"f:82:22:82:23":5,"s:83:26:83:Infinity":34,"s:84:8:88:Infinity":35,"b:86:20:86:45:86:45:86:Infinity":9,"b:87:24:87:54:87:54:87:Infinity":10,"s:93:2:255:Infinity":36,"b:104:13:104:Infinity:105:14:108:Infinity":11,"b:107:23:107:49:107:49:107:63":12,"b:123:54:123:74:123:74:123:Infinity":13,"f:125:23:125:29":6,"s:125:29:125:Infinity":37,"b:132:54:132:74:132:74:132:Infinity":14,"f:134:23:134:29":7,"s:134:29:134:Infinity":38,"b:143:12:196:Infinity:198:10:252:Infinity":15,"b:200:14:200:Infinity:202:14:250:Infinity":16,"b:203:17:203:Infinity:204:18:206:Infinity":17,"f:210:37:210:38":8,"s:211:20:247:Infinity":39,"b:233:32:233:Infinity:234:32:234:Infinity":18,"b:231:29:231:Infinity:232:28:232:Infinity":19,"b:242:32:242:Infinity:243:32:243:Infinity":20}}}
,"/workspaces/u-stock/src/pages/SubredditsPage.css": {"path":"/workspaces/u-stock/src/pages/SubredditsPage.css","statementMap":{},"fnMap":{},"branchMap":{},"s":{},"f":{},"b":{},"meta":{"lastBranch":0,"lastFunction":0,"lastStatement":0,"seen":{}}}
,"/workspaces/u-stock/src/pages/SubredditsPage.jsx": {"path":"/workspaces/u-stock/src/pages/SubredditsPage.jsx","statementMap":{"0":{"start":{"line":16,"column":24},"end":{"line":16,"column":null}},"1":{"start":{"line":17,"column":54},"end":{"line":17,"column":null}},"2":{"start":{"line":19,"column":28},"end":{"line":19,"column":null}},"3":{"start":{"line":20,"column":34},"end":{"line":20,"column":null}},"4":{"start":{"line":21,"column":28},"end":{"line":21,"column":null}},"5":{"start":{"line":22,"column":33},"end":{"line":22,"column":null}},"6":{"start":{"line":23,"column":30},"end":{"line":23,"column":null}},"7":{"start":{"line":25,"column":2},"end":{"line":221,"column":null}},"8":{"start":{"line":79,"column":16},"end":{"line":101,"column":null}},"9":{"start":{"line":115,"column":16},"end":{"line":135,"column":null}},"10":{"start":{"line":149,"column":16},"end":{"line":169,"column":null}},"11":{"start":{"line":186,"column":18},"end":{"line":189,"column":null}},"12":{"start":{"line":190,"column":16},"end":{"line":214,"column":null}}},"fnMap":{"0":{"name":"SubredditsPage","decl":{"start":{"line":15,"column":24},"end":{"line":15,"column":41}},"loc":{"start":{"line":15,"column":41},"end":{"line":223,"column":null}},"line":15},"1":{"name":"(anonymous_1)","decl":{"start":{"line":78,"column":33},"end":{"line":78,"column":34}},"loc":{"start":{"line":79,"column":16},"end":{"line":101,"column":null}},"line":79},"2":{"name":"(anonymous_2)","decl":{"start":{"line":114,"column":39},"end":{"line":114,"column":40}},"loc":{"start":{"line":115,"column":16},"end":{"line":135,"column":null}},"line":115},"3":{"name":"(anonymous_3)","decl":{"start":{"line":148,"column":33},"end":{"line":148,"column":34}},"loc":{"start":{"line":149,"column":16},"end":{"line":169,"column":null}},"line":149},"4":{"name":"(anonymous_4)","decl":{"start":{"line":184,"column":34},"end":{"line":184,"column":35}},"loc":{"start":{"line":184,"column":43},"end":{"line":216,"column":15}},"line":184}},"branchMap":{"0":{"loc":{"start":{"line":19,"column":28},"end":{"line":19,"column":null}},"type":"binary-expr","locations":[{"start":{"line":19,"column":28},"end":{"line":19,"column":53}},{"start":{"line":19,"column":53},"end":{"line":19,"column":null}}],"line":19},"1":{"loc":{"start":{"line":20,"column":34},"end":{"line":20,"column":null}},"type":"binary-expr","locations":[{"start":{"line":20,"column":34},"end":{"line":20,"column":65}},{"start":{"line":20,"column":65},"end":{"line":20,"column":null}}],"line":20},"2":{"loc":{"start":{"line":21,"column":28},"end":{"line":21,"column":null}},"type":"binary-expr","locations":[{"start":{"line":21,"column":28},"end":{"line":21,"column":53}},{"start":{"line":21,"column":53},"end":{"line":21,"column":null}}],"line":21},"3":{"loc":{"start":{"line":22,"column":33},"end":{"line":22,"column":null}},"type":"binary-expr","locations":[{"start":{"line":22,"column":33},"end":{"line":22,"column":59}},{"start":{"line":22,"column":59},"end":{"line":22,"column":null}}],"line":22},"4":{"loc":{"start":{"line":23,"column":30},"end":{"line":23,"column":null}},"type":"binary-expr","locations":[{"start":{"line":23,"column":30},"end":{"line":23,"column":57}},{"start":{"line":23,"column":57},"end":{"line":23,"column":null}}],"line":23},"5":{"loc":{"start":{"line":36,"column":13},"end":{"line":40,"column":null}},"type":"binary-expr","locations":[{"start":{"line":36,"column":13},"end":{"line":36,"column":null}},{"start":{"line":37,"column":14},"end":{"line":40,"column":null}}],"line":36},"6":{"loc":{"start":{"line":39,"column":23},"end":{"line":39,"column":63}},"type":"binary-expr","locations":[{"start":{"line":39,"column":23},"end":{"line":39,"column":49}},{"start":{"line":39,"column":49},"end":{"line":39,"column":63}}],"line":39},"7":{"loc":{"start":{"line":63,"column":9},"end":{"line":66,"column":null}},"type":"binary-expr","locations":[{"start":{"line":63,"column":9},"end":{"line":63,"column":null}},{"start":{"line":64,"column":10},"end":{"line":66,"column":null}}],"line":63},"8":{"loc":{"start":{"line":81,"column":21},"end":{"line":81,"column":null}},"type":"binary-expr","locations":[{"start":{"line":81,"column":21},"end":{"line":81,"column":33}},{"start":{"line":81,"column":33},"end":{"line":81,"column":null}}],"line":81},"9":{"loc":{"start":{"line":82,"column":21},"end":{"line":85,"column":null}},"type":"binary-expr","locations":[{"start":{"line":82,"column":21},"end":{"line":82,"column":null}},{"start":{"line":83,"column":22},"end":{"line":85,"column":null}}],"line":82},"10":{"loc":{"start":{"line":88,"column":19},"end":{"line":89,"column":null}},"type":"binary-expr","locations":[{"start":{"line":88,"column":19},"end":{"line":88,"column":null}},{"start":{"line":89,"column":20},"end":{"line":89,"column":null}}],"line":88},"11":{"loc":{"start":{"line":91,"column":19},"end":{"line":99,"column":null}},"type":"binary-expr","locations":[{"start":{"line":91,"column":19},"end":{"line":91,"column":null}},{"start":{"line":92,"column":20},"end":{"line":99,"column":null}}],"line":91},"12":{"loc":{"start":{"line":79,"column":25},"end":{"line":79,"column":null}},"type":"binary-expr","locations":[{"start":{"line":79,"column":25},"end":{"line":79,"column":35}},{"start":{"line":79,"column":35},"end":{"line":79,"column":null}}],"line":79},"13":{"loc":{"start":{"line":117,"column":21},"end":{"line":117,"column":null}},"type":"binary-expr","locations":[{"start":{"line":117,"column":21},"end":{"line":117,"column":33}},{"start":{"line":117,"column":33},"end":{"line":117,"column":null}}],"line":117},"14":{"loc":{"start":{"line":118,"column":21},"end":{"line":119,"column":null}},"type":"binary-expr","locations":[{"start":{"line":118,"column":21},"end":{"line":118,"column":null}},{"start":{"line":119,"column":22},"end":{"line":119,"column":null}}],"line":118},"15":{"loc":{"start":{"line":122,"column":19},"end":{"line":123,"column":null}},"type":"binary-expr","locations":[{"start":{"line":122,"column":19},"end":{"line":122,"column":null}},{"start":{"line":123,"column":20},"end":{"line":123,"column":null}}],"line":122},"16":{"loc":{"start":{"line":125,"column":19},"end":{"line":133,"column":null}},"type":"binary-expr","locations":[{"start":{"line":125,"column":19},"end":{"line":125,"column":null}},{"start":{"line":126,"column":20},"end":{"line":133,"column":null}}],"line":125},"17":{"loc":{"start":{"line":115,"column":25},"end":{"line":115,"column":null}},"type":"binary-expr","locations":[{"start":{"line":115,"column":25},"end":{"line":115,"column":35}},{"start":{"line":115,"column":35},"end":{"line":115,"column":null}}],"line":115},"18":{"loc":{"start":{"line":151,"column":21},"end":{"line":151,"column":null}},"type":"binary-expr","locations":[{"start":{"line":151,"column":21},"end":{"line":151,"column":33}},{"start":{"line":151,"column":33},"end":{"line":151,"column":null}}],"line":151},"19":{"loc":{"start":{"line":152,"column":21},"end":{"line":153,"column":null}},"type":"binary-expr","locations":[{"start":{"line":152,"column":21},"end":{"line":152,"column":null}},{"start":{"line":153,"column":22},"end":{"line":153,"column":null}}],"line":152},"20":{"loc":{"start":{"line":156,"column":19},"end":{"line":157,"column":null}},"type":"binary-expr","locations":[{"start":{"line":156,"column":19},"end":{"line":156,"column":null}},{"start":{"line":157,"column":20},"end":{"line":157,"column":null}}],"line":156},"21":{"loc":{"start":{"line":159,"column":19},"end":{"line":167,"column":null}},"type":"binary-expr","locations":[{"start":{"line":159,"column":19},"end":{"line":159,"column":null}},{"start":{"line":160,"column":20},"end":{"line":167,"column":null}}],"line":159},"22":{"loc":{"start":{"line":149,"column":25},"end":{"line":149,"column":null}},"type":"binary-expr","locations":[{"start":{"line":149,"column":25},"end":{"line":149,"column":35}},{"start":{"line":149,"column":35},"end":{"line":149,"column":null}}],"line":149},"23":{"loc":{"start":{"line":186,"column":18},"end":{"line":189,"column":null}},"type":"binary-expr","locations":[{"start":{"line":186,"column":18},"end":{"line":186,"column":null}},{"start":{"line":187,"column":18},"end":{"line":187,"column":null}},{"start":{"line":188,"column":18},"end":{"line":188,"column":null}},{"start":{"line":189,"column":18},"end":{"line":189,"column":null}}],"line":186},"24":{"loc":{"start":{"line":194,"column":23},"end":{"line":197,"column":null}},"type":"binary-expr","locations":[{"start":{"line":194,"column":23},"end":{"line":194,"column":null}},{"start":{"line":195,"column":24},"end":{"line":197,"column":null}}],"line":194},"25":{"loc":{"start":{"line":200,"column":21},"end":{"line":201,"column":null}},"type":"binary-expr","locations":[{"start":{"line":200,"column":21},"end":{"line":200,"column":null}},{"start":{"line":201,"column":22},"end":{"line":201,"column":null}}],"line":200}},"s":{"0":3,"1":3,"2":3,"3":3,"4":3,"5":3,"6":3,"7":3,"8":6,"9":3,"10":3,"11":9,"12":9},"f":{"0":3,"1":6,"2":3,"3":3,"4":9},"b":{"0":[3,0],"1":[3,0],"2":[3,0],"3":[3,0],"4":[3,0],"5":[3,1],"6":[1,0],"7":[3,1],"8":[6,0],"9":[6,6],"10":[6,6],"11":[6,6],"12":[6,0],"13":[3,0],"14":[3,3],"15":[3,3],"16":[3,3],"17":[3,0],"18":[3,0],"19":[3,3],"20":[3,3],"21":[3,3],"22":[3,0],"23":[9,0,0,0],"24":[9,9],"25":[9,6]},"meta":{"lastBranch":26,"lastFunction":5,"lastStatement":13,"seen":{"f:15:24:15:41":0,"s:16:24:16:Infinity":0,"s:17:54:17:Infinity":1,"s:19:28:19:Infinity":2,"b:19:28:19:53:19:53:19:Infinity":0,"s:20:34:20:Infinity":3,"b:20:34:20:65:20:65:20:Infinity":1,"s:21:28:21:Infinity":4,"b:21:28:21:53:21:53:21:Infinity":2,"s:22:33:22:Infinity":5,"b:22:33:22:59:22:59:22:Infinity":3,"s:23:30:23:Infinity":6,"b:23:30:23:57:23:57:23:Infinity":4,"s:25:2:221:Infinity":7,"b:36:13:36:Infinity:37:14:40:Infinity":5,"b:39:23:39:49:39:49:39:63":6,"b:63:9:63:Infinity:64:10:66:Infinity":7,"f:78:33:78:34":1,"s:79:16:101:Infinity":8,"b:81:21:81:33:81:33:81:Infinity":8,"b:82:21:82:Infinity:83:22:85:Infinity":9,"b:88:19:88:Infinity:89:20:89:Infinity":10,"b:91:19:91:Infinity:92:20:99:Infinity":11,"b:79:25:79:35:79:35:79:Infinity":12,"f:114:39:114:40":2,"s:115:16:135:Infinity":9,"b:117:21:117:33:117:33:117:Infinity":13,"b:118:21:118:Infinity:119:22:119:Infinity":14,"b:122:19:122:Infinity:123:20:123:Infinity":15,"b:125:19:125:Infinity:126:20:133:Infinity":16,"b:115:25:115:35:115:35:115:Infinity":17,"f:148:33:148:34":3,"s:149:16:169:Infinity":10,"b:151:21:151:33:151:33:151:Infinity":18,"b:152:21:152:Infinity:153:22:153:Infinity":19,"b:156:19:156:Infinity:157:20:157:Infinity":20,"b:159:19:159:Infinity:160:20:167:Infinity":21,"b:149:25:149:35:149:35:149:Infinity":22,"f:184:34:184:35":4,"s:186:18:189:Infinity":11,"b:186:18:186:Infinity:187:18:187:Infinity:188:18:188:Infinity:189:18:189:Infinity":23,"s:190:16:214:Infinity":12,"b:194:23:194:Infinity:195:24:197:Infinity":24,"b:200:21:200:Infinity:201:22:201:Infinity":25}}}
}
